{"C:\\Users\\Carlos\\Desktop\\2019-09-12\\expolio2\\src\\load.js":{"path":"C:\\Users\\Carlos\\Desktop\\2019-09-12\\expolio2\\src\\load.js","statementMap":{"0":{"start":{"line":1,"column":12},"end":{"line":1,"column":42}},"1":{"start":{"line":2,"column":15},"end":{"line":2,"column":88}},"2":{"start":{"line":3,"column":15},"end":{"line":3,"column":27}},"3":{"start":{"line":5,"column":0},"end":{"line":11,"column":3}},"4":{"start":{"line":6,"column":1},"end":{"line":6,"column":71}},"5":{"start":{"line":7,"column":1},"end":{"line":7,"column":15}},"6":{"start":{"line":9,"column":1},"end":{"line":9,"column":46}},"7":{"start":{"line":10,"column":1},"end":{"line":10,"column":13}}},"fnMap":{"0":{"name":"(anonymous_0)","decl":{"start":{"line":5,"column":36},"end":{"line":5,"column":37}},"loc":{"start":{"line":5,"column":42},"end":{"line":8,"column":1}},"line":5},"1":{"name":"(anonymous_1)","decl":{"start":{"line":8,"column":9},"end":{"line":8,"column":10}},"loc":{"start":{"line":8,"column":18},"end":{"line":11,"column":1}},"line":8}},"branchMap":{},"s":{"0":1,"1":1,"2":1,"3":1,"4":1,"5":1,"6":0,"7":0},"f":{"0":1,"1":0},"b":{},"_coverageSchema":"43e27e138ebf9cfc5966b082cf9a028302ed4184","hash":"42c6f35b75998490c6234fcf8b119850373c6320","contentHash":"b085330cd9a8a92a45ab4dd72b7a1d1a8faaa251e93cbee918388a00d8b76aaf"},"C:\\Users\\Carlos\\Desktop\\2019-09-12\\expolio2\\src\\env.js":{"path":"C:\\Users\\Carlos\\Desktop\\2019-09-12\\expolio2\\src\\env.js","statementMap":{"0":{"start":{"line":1,"column":15},"end":{"line":1,"column":60}},"1":{"start":{"line":2,"column":13},"end":{"line":2,"column":61}},"2":{"start":{"line":4,"column":0},"end":{"line":4,"column":40}},"3":{"start":{"line":5,"column":0},"end":{"line":5,"column":62}},"4":{"start":{"line":6,"column":0},"end":{"line":6,"column":40}},"5":{"start":{"line":8,"column":0},"end":{"line":8,"column":82}}},"fnMap":{},"branchMap":{},"s":{"0":1,"1":1,"2":1,"3":1,"4":1,"5":1},"f":{},"b":{},"_coverageSchema":"43e27e138ebf9cfc5966b082cf9a028302ed4184","hash":"59684a150e04c2e36f313dc0c062de91bc5f2187","contentHash":"ae805f83c5a287e9205d803f39de54c8ef1deb5acf2a6280885d101d6942d065"},"C:\\Users\\Carlos\\Desktop\\2019-09-12\\expolio2\\expolium.config.js":{"path":"C:\\Users\\Carlos\\Desktop\\2019-09-12\\expolio2\\expolium.config.js","statementMap":{"0":{"start":{"line":1,"column":0},"end":{"line":4,"column":1}}},"fnMap":{},"branchMap":{},"s":{"0":1},"f":{},"b":{},"_coverageSchema":"43e27e138ebf9cfc5966b082cf9a028302ed4184","hash":"444ffe42f249c25299029c8c71ce6dc74c95e387","contentHash":"e4b0ced1117615d6fdf2e5b0cfde5a458869b53dacbd0267608f0834b6c98de6"},"C:\\Users\\Carlos\\Desktop\\2019-09-12\\expolio2\\src\\project\\runner\\Runner.js":{"path":"C:\\Users\\Carlos\\Desktop\\2019-09-12\\expolio2\\src\\project\\runner\\Runner.js","statementMap":{"0":{"start":{"line":1,"column":0},"end":{"line":1,"column":58}}},"fnMap":{},"branchMap":{},"s":{"0":1},"f":{},"b":{},"_coverageSchema":"43e27e138ebf9cfc5966b082cf9a028302ed4184","hash":"0018e1e45ac2719fbf27ec5d8de00690e0c93925","contentHash":"721d8bed14ada2c103d1c982f0c2c88869a9d86cf34e48b27e769004684af2d7"},"C:\\Users\\Carlos\\Desktop\\2019-09-12\\expolio2\\src\\project\\runner\\DefaultRunner.js":{"path":"C:\\Users\\Carlos\\Desktop\\2019-09-12\\expolio2\\src\\project\\runner\\DefaultRunner.js","statementMap":{"0":{"start":{"line":1,"column":15},"end":{"line":1,"column":75}},"1":{"start":{"line":2,"column":19},"end":{"line":2,"column":83}},"2":{"start":{"line":7,"column":2},"end":{"line":7,"column":20}},"3":{"start":{"line":12,"column":0},"end":{"line":12,"column":31}}},"fnMap":{"0":{"name":"(anonymous_0)","decl":{"start":{"line":6,"column":1},"end":{"line":6,"column":2}},"loc":{"start":{"line":6,"column":23},"end":{"line":8,"column":2}},"line":6}},"branchMap":{},"s":{"0":1,"1":1,"2":2,"3":1},"f":{"0":2},"b":{},"_coverageSchema":"43e27e138ebf9cfc5966b082cf9a028302ed4184","hash":"e9a6b3bf407e339a532a7509eecfa101d41b372b","contentHash":"c33de9d8a23b05447814862fd62ad3504bc881105afadca4ca01db275e1899a6"},"C:\\Users\\Carlos\\Desktop\\2019-09-12\\expolio2\\src\\core\\runner\\Runner.js":{"path":"C:\\Users\\Carlos\\Desktop\\2019-09-12\\expolio2\\src\\core\\runner\\Runner.js","statementMap":{"0":{"start":{"line":1,"column":19},"end":{"line":1,"column":56}},"1":{"start":{"line":2,"column":12},"end":{"line":2,"column":66}},"2":{"start":{"line":7,"column":2},"end":{"line":7,"column":13}},"3":{"start":{"line":12,"column":0},"end":{"line":12,"column":24}}},"fnMap":{"0":{"name":"(anonymous_0)","decl":{"start":{"line":6,"column":1},"end":{"line":6,"column":2}},"loc":{"start":{"line":6,"column":23},"end":{"line":8,"column":2}},"line":6}},"branchMap":{},"s":{"0":1,"1":1,"2":0,"3":1},"f":{"0":0},"b":{},"_coverageSchema":"43e27e138ebf9cfc5966b082cf9a028302ed4184","hash":"fd04da482e2250baa68b255716523a67f50815ff","contentHash":"58ea901ff8d386e8d7291da8641342b15298b56c61070e2baafbecf425ecac00"},"C:\\Users\\Carlos\\Desktop\\2019-09-12\\expolio2\\src\\core\\runner\\BaseRunner.js":{"path":"C:\\Users\\Carlos\\Desktop\\2019-09-12\\expolio2\\src\\core\\runner\\BaseRunner.js","statementMap":{"0":{"start":{"line":1,"column":25},"end":{"line":1,"column":111}},"1":{"start":{"line":2,"column":21},"end":{"line":2,"column":87}},"2":{"start":{"line":3,"column":24},"end":{"line":3,"column":93}},"3":{"start":{"line":4,"column":25},"end":{"line":4,"column":95}},"4":{"start":{"line":5,"column":16},"end":{"line":5,"column":74}},"5":{"start":{"line":10,"column":2},"end":{"line":10,"column":88}},"6":{"start":{"line":14,"column":2},"end":{"line":14,"column":27}},"7":{"start":{"line":15,"column":2},"end":{"line":15,"column":38}},"8":{"start":{"line":16,"column":2},"end":{"line":18,"column":3}},"9":{"start":{"line":17,"column":3},"end":{"line":17,"column":62}},"10":{"start":{"line":19,"column":2},"end":{"line":21,"column":3}},"11":{"start":{"line":20,"column":3},"end":{"line":20,"column":97}},"12":{"start":{"line":25,"column":2},"end":{"line":25,"column":31}},"13":{"start":{"line":26,"column":2},"end":{"line":26,"column":32}},"14":{"start":{"line":30,"column":2},"end":{"line":30,"column":32}},"15":{"start":{"line":31,"column":2},"end":{"line":31,"column":33}},"16":{"start":{"line":36,"column":0},"end":{"line":36,"column":28}}},"fnMap":{"0":{"name":"(anonymous_0)","decl":{"start":{"line":9,"column":1},"end":{"line":9,"column":2}},"loc":{"start":{"line":9,"column":23},"end":{"line":11,"column":2}},"line":9},"1":{"name":"(anonymous_1)","decl":{"start":{"line":13,"column":1},"end":{"line":13,"column":2}},"loc":{"start":{"line":13,"column":49},"end":{"line":22,"column":2}},"line":13},"2":{"name":"(anonymous_2)","decl":{"start":{"line":24,"column":1},"end":{"line":24,"column":2}},"loc":{"start":{"line":24,"column":15},"end":{"line":27,"column":2}},"line":24},"3":{"name":"(anonymous_3)","decl":{"start":{"line":29,"column":1},"end":{"line":29,"column":2}},"loc":{"start":{"line":29,"column":16},"end":{"line":32,"column":2}},"line":29}},"branchMap":{"0":{"loc":{"start":{"line":13,"column":13},"end":{"line":13,"column":25}},"type":"default-arg","locations":[{"start":{"line":13,"column":23},"end":{"line":13,"column":25}}],"line":13},"1":{"loc":{"start":{"line":13,"column":27},"end":{"line":13,"column":47}},"type":"default-arg","locations":[{"start":{"line":13,"column":38},"end":{"line":13,"column":47}}],"line":13},"2":{"loc":{"start":{"line":16,"column":2},"end":{"line":18,"column":3}},"type":"if","locations":[{"start":{"line":16,"column":2},"end":{"line":18,"column":3}},{"start":{"line":16,"column":2},"end":{"line":18,"column":3}}],"line":16},"3":{"loc":{"start":{"line":19,"column":2},"end":{"line":21,"column":3}},"type":"if","locations":[{"start":{"line":19,"column":2},"end":{"line":21,"column":3}},{"start":{"line":19,"column":2},"end":{"line":21,"column":3}}],"line":19}},"s":{"0":1,"1":1,"2":1,"3":1,"4":1,"5":0,"6":2,"7":2,"8":2,"9":2,"10":2,"11":0,"12":1,"13":1,"14":1,"15":1,"16":1},"f":{"0":0,"1":2,"2":1,"3":1},"b":{"0":[2],"1":[2],"2":[2,0],"3":[0,2]},"_coverageSchema":"43e27e138ebf9cfc5966b082cf9a028302ed4184","hash":"1b1562e08d564705243ab0a63bfe838e1a915c80","contentHash":"bf673c779393310d586f7c91d4345ee8c27b2c6be034991abe000bc8e50a5d0f"},"C:\\Users\\Carlos\\Desktop\\2019-09-12\\expolio2\\src\\core\\helper\\LoggerUtils.js":{"path":"C:\\Users\\Carlos\\Desktop\\2019-09-12\\expolio2\\src\\core\\helper\\LoggerUtils.js","statementMap":{"0":{"start":{"line":1,"column":28},"end":{"line":1,"column":55}},"1":{"start":{"line":3,"column":0},"end":{"line":9,"column":2}},"2":{"start":{"line":6,"column":2},"end":{"line":6,"column":106}}},"fnMap":{"0":{"name":"(anonymous_0)","decl":{"start":{"line":5,"column":1},"end":{"line":5,"column":2}},"loc":{"start":{"line":5,"column":94},"end":{"line":7,"column":2}},"line":5}},"branchMap":{"0":{"loc":{"start":{"line":5,"column":8},"end":{"line":5,"column":28}},"type":"default-arg","locations":[{"start":{"line":5,"column":16},"end":{"line":5,"column":28}}],"line":5},"1":{"loc":{"start":{"line":5,"column":30},"end":{"line":5,"column":70}},"type":"default-arg","locations":[{"start":{"line":5,"column":39},"end":{"line":5,"column":70}}],"line":5},"2":{"loc":{"start":{"line":5,"column":72},"end":{"line":5,"column":92}},"type":"default-arg","locations":[{"start":{"line":5,"column":83},"end":{"line":5,"column":92}}],"line":5},"3":{"loc":{"start":{"line":6,"column":55},"end":{"line":6,"column":103}},"type":"cond-expr","locations":[{"start":{"line":6,"column":88},"end":{"line":6,"column":98}},{"start":{"line":6,"column":101},"end":{"line":6,"column":103}}],"line":6}},"s":{"0":1,"1":1,"2":12},"f":{"0":12},"b":{"0":[0],"1":[12],"2":[12],"3":[0,12]},"_coverageSchema":"43e27e138ebf9cfc5966b082cf9a028302ed4184","hash":"8f701627fb9b782e7e49bbd2db14cf4249db96d4","contentHash":"72bf3f10425cc98fa8a6cbfd9d663bccb25fdff04fa9e24d8830636dcc5905ee"},"C:\\Users\\Carlos\\Desktop\\2019-09-12\\expolio2\\src\\core\\helper\\ErrorManager.js":{"path":"C:\\Users\\Carlos\\Desktop\\2019-09-12\\expolio2\\src\\core\\helper\\ErrorManager.js","statementMap":{"0":{"start":{"line":1,"column":24},"end":{"line":1,"column":93}},"1":{"start":{"line":6,"column":2},"end":{"line":12,"column":9}},"2":{"start":{"line":7,"column":3},"end":{"line":10,"column":4}},"3":{"start":{"line":8,"column":23},"end":{"line":8,"column":46}},"4":{"start":{"line":9,"column":4},"end":{"line":9,"column":38}},"5":{"start":{"line":11,"column":3},"end":{"line":11,"column":14}},"6":{"start":{"line":16,"column":2},"end":{"line":20,"column":3}},"7":{"start":{"line":17,"column":3},"end":{"line":19,"column":4}},"8":{"start":{"line":18,"column":4},"end":{"line":18,"column":36}},"9":{"start":{"line":25,"column":0},"end":{"line":25,"column":30}}},"fnMap":{"0":{"name":"(anonymous_0)","decl":{"start":{"line":5,"column":1},"end":{"line":5,"column":2}},"loc":{"start":{"line":5,"column":22},"end":{"line":13,"column":2}},"line":5},"1":{"name":"(anonymous_1)","decl":{"start":{"line":6,"column":94},"end":{"line":6,"column":95}},"loc":{"start":{"line":6,"column":119},"end":{"line":12,"column":3}},"line":6},"2":{"name":"(anonymous_2)","decl":{"start":{"line":15,"column":1},"end":{"line":15,"column":2}},"loc":{"start":{"line":15,"column":22},"end":{"line":21,"column":2}},"line":15}},"branchMap":{"0":{"loc":{"start":{"line":7,"column":3},"end":{"line":10,"column":4}},"type":"if","locations":[{"start":{"line":7,"column":3},"end":{"line":10,"column":4}},{"start":{"line":7,"column":3},"end":{"line":10,"column":4}}],"line":7},"1":{"loc":{"start":{"line":17,"column":3},"end":{"line":19,"column":4}},"type":"if","locations":[{"start":{"line":17,"column":3},"end":{"line":19,"column":4}},{"start":{"line":17,"column":3},"end":{"line":19,"column":4}}],"line":17}},"s":{"0":1,"1":0,"2":0,"3":0,"4":0,"5":0,"6":0,"7":0,"8":0,"9":1},"f":{"0":0,"1":0,"2":0},"b":{"0":[0,0],"1":[0,0]},"_coverageSchema":"43e27e138ebf9cfc5966b082cf9a028302ed4184","hash":"9a112a4d591aef7770483d94b1513b0496ed7a8c","contentHash":"6606450838ce862859c129b29e887c899d5f3f1edf64254e3ad3c6fb5ca72880"},"C:\\Users\\Carlos\\Desktop\\2019-09-12\\expolio2\\src\\core\\helper\\FileSystemUtils.js":{"path":"C:\\Users\\Carlos\\Desktop\\2019-09-12\\expolio2\\src\\core\\helper\\FileSystemUtils.js","statementMap":{"0":{"start":{"line":1,"column":13},"end":{"line":1,"column":28}},"1":{"start":{"line":6,"column":2},"end":{"line":13,"column":5}},"2":{"start":{"line":7,"column":3},"end":{"line":12,"column":6}},"3":{"start":{"line":8,"column":4},"end":{"line":10,"column":5}},"4":{"start":{"line":9,"column":5},"end":{"line":9,"column":26}},"5":{"start":{"line":11,"column":4},"end":{"line":11,"column":28}},"6":{"start":{"line":17,"column":2},"end":{"line":17,"column":28}},"7":{"start":{"line":22,"column":0},"end":{"line":22,"column":33}}},"fnMap":{"0":{"name":"(anonymous_0)","decl":{"start":{"line":5,"column":1},"end":{"line":5,"column":2}},"loc":{"start":{"line":5,"column":41},"end":{"line":14,"column":2}},"line":5},"1":{"name":"(anonymous_1)","decl":{"start":{"line":6,"column":21},"end":{"line":6,"column":22}},"loc":{"start":{"line":6,"column":42},"end":{"line":13,"column":3}},"line":6},"2":{"name":"(anonymous_2)","decl":{"start":{"line":7,"column":34},"end":{"line":7,"column":35}},"loc":{"start":{"line":7,"column":54},"end":{"line":12,"column":4}},"line":7},"3":{"name":"(anonymous_3)","decl":{"start":{"line":16,"column":1},"end":{"line":16,"column":2}},"loc":{"start":{"line":16,"column":30},"end":{"line":18,"column":2}},"line":16}},"branchMap":{"0":{"loc":{"start":{"line":5,"column":27},"end":{"line":5,"column":39}},"type":"default-arg","locations":[{"start":{"line":5,"column":37},"end":{"line":5,"column":39}}],"line":5},"1":{"loc":{"start":{"line":8,"column":4},"end":{"line":10,"column":5}},"type":"if","locations":[{"start":{"line":8,"column":4},"end":{"line":10,"column":5}},{"start":{"line":8,"column":4},"end":{"line":10,"column":5}}],"line":8}},"s":{"0":1,"1":0,"2":0,"3":0,"4":0,"5":0,"6":0,"7":1},"f":{"0":0,"1":0,"2":0,"3":0},"b":{"0":[0],"1":[0,0]},"_coverageSchema":"43e27e138ebf9cfc5966b082cf9a028302ed4184","hash":"20d95651062c389b5c2a46a601d0b9dcff317d2b","contentHash":"1cf8a8af60a8ae723f6016f36fb999d946e57a8537ff791c9547838bd57e2f45"},"C:\\Users\\Carlos\\Desktop\\2019-09-12\\expolio2\\src\\core\\helper\\ReflectionUtils.js":{"path":"C:\\Users\\Carlos\\Desktop\\2019-09-12\\expolio2\\src\\core\\helper\\ReflectionUtils.js","statementMap":{"0":{"start":{"line":1,"column":21},"end":{"line":1,"column":87}},"1":{"start":{"line":2,"column":20},"end":{"line":2,"column":85}},"2":{"start":{"line":7,"column":2},"end":{"line":7,"column":39}},"3":{"start":{"line":7,"column":23},"end":{"line":7,"column":38}},"4":{"start":{"line":11,"column":2},"end":{"line":16,"column":3}},"5":{"start":{"line":12,"column":3},"end":{"line":14,"column":4}},"6":{"start":{"line":13,"column":4},"end":{"line":13,"column":52}},"7":{"start":{"line":15,"column":3},"end":{"line":15,"column":15}},"8":{"start":{"line":20,"column":2},"end":{"line":44,"column":3}},"9":{"start":{"line":21,"column":3},"end":{"line":41,"column":4}},"10":{"start":{"line":21,"column":13},"end":{"line":21,"column":14}},"11":{"start":{"line":22,"column":28},"end":{"line":22,"column":42}},"12":{"start":{"line":23,"column":20},"end":{"line":23,"column":51}},"13":{"start":{"line":24,"column":23},"end":{"line":24,"column":76}},"14":{"start":{"line":25,"column":4},"end":{"line":28,"column":5}},"15":{"start":{"line":26,"column":5},"end":{"line":26,"column":66}},"16":{"start":{"line":27,"column":5},"end":{"line":27,"column":73}},"17":{"start":{"line":29,"column":4},"end":{"line":32,"column":5}},"18":{"start":{"line":30,"column":5},"end":{"line":30,"column":62}},"19":{"start":{"line":31,"column":5},"end":{"line":31,"column":72}},"20":{"start":{"line":33,"column":4},"end":{"line":37,"column":5}},"21":{"start":{"line":34,"column":5},"end":{"line":34,"column":42}},"22":{"start":{"line":36,"column":5},"end":{"line":36,"column":36}},"23":{"start":{"line":38,"column":4},"end":{"line":40,"column":5}},"24":{"start":{"line":39,"column":5},"end":{"line":39,"column":23}},"25":{"start":{"line":43,"column":3},"end":{"line":43,"column":42}},"26":{"start":{"line":48,"column":2},"end":{"line":48,"column":60}},"27":{"start":{"line":52,"column":0},"end":{"line":52,"column":33}}},"fnMap":{"0":{"name":"(anonymous_0)","decl":{"start":{"line":6,"column":1},"end":{"line":6,"column":2}},"loc":{"start":{"line":6,"column":44},"end":{"line":8,"column":2}},"line":6},"1":{"name":"(anonymous_1)","decl":{"start":{"line":7,"column":9},"end":{"line":7,"column":10}},"loc":{"start":{"line":7,"column":23},"end":{"line":7,"column":38}},"line":7},"2":{"name":"(anonymous_2)","decl":{"start":{"line":10,"column":1},"end":{"line":10,"column":2}},"loc":{"start":{"line":10,"column":44},"end":{"line":17,"column":2}},"line":10},"3":{"name":"(anonymous_3)","decl":{"start":{"line":11,"column":9},"end":{"line":11,"column":10}},"loc":{"start":{"line":11,"column":32},"end":{"line":16,"column":3}},"line":11},"4":{"name":"(anonymous_4)","decl":{"start":{"line":19,"column":1},"end":{"line":19,"column":2}},"loc":{"start":{"line":19,"column":168},"end":{"line":45,"column":2}},"line":19},"5":{"name":"(anonymous_5)","decl":{"start":{"line":47,"column":1},"end":{"line":47,"column":2}},"loc":{"start":{"line":47,"column":31},"end":{"line":49,"column":2}},"line":47}},"branchMap":{"0":{"loc":{"start":{"line":12,"column":3},"end":{"line":14,"column":4}},"type":"if","locations":[{"start":{"line":12,"column":3},"end":{"line":14,"column":4}},{"start":{"line":12,"column":3},"end":{"line":14,"column":4}}],"line":12},"1":{"loc":{"start":{"line":12,"column":6},"end":{"line":12,"column":82}},"type":"binary-expr","locations":[{"start":{"line":12,"column":6},"end":{"line":12,"column":45}},{"start":{"line":12,"column":49},"end":{"line":12,"column":82}}],"line":12},"2":{"loc":{"start":{"line":19,"column":30},"end":{"line":19,"column":46}},"type":"default-arg","locations":[{"start":{"line":19,"column":44},"end":{"line":19,"column":46}}],"line":19},"3":{"loc":{"start":{"line":19,"column":48},"end":{"line":19,"column":63}},"type":"default-arg","locations":[{"start":{"line":19,"column":61},"end":{"line":19,"column":63}}],"line":19},"4":{"loc":{"start":{"line":19,"column":65},"end":{"line":19,"column":114}},"type":"default-arg","locations":[{"start":{"line":19,"column":80},"end":{"line":19,"column":114}}],"line":19},"5":{"loc":{"start":{"line":19,"column":116},"end":{"line":19,"column":166}},"type":"default-arg","locations":[{"start":{"line":19,"column":132},"end":{"line":19,"column":166}}],"line":19},"6":{"loc":{"start":{"line":24,"column":23},"end":{"line":24,"column":76}},"type":"cond-expr","locations":[{"start":{"line":24,"column":33},"end":{"line":24,"column":58}},{"start":{"line":24,"column":61},"end":{"line":24,"column":76}}],"line":24},"7":{"loc":{"start":{"line":25,"column":4},"end":{"line":28,"column":5}},"type":"if","locations":[{"start":{"line":25,"column":4},"end":{"line":28,"column":5}},{"start":{"line":25,"column":4},"end":{"line":28,"column":5}}],"line":25},"8":{"loc":{"start":{"line":29,"column":4},"end":{"line":32,"column":5}},"type":"if","locations":[{"start":{"line":29,"column":4},"end":{"line":32,"column":5}},{"start":{"line":29,"column":4},"end":{"line":32,"column":5}}],"line":29},"9":{"loc":{"start":{"line":33,"column":4},"end":{"line":37,"column":5}},"type":"if","locations":[{"start":{"line":33,"column":4},"end":{"line":37,"column":5}},{"start":{"line":33,"column":4},"end":{"line":37,"column":5}}],"line":33},"10":{"loc":{"start":{"line":38,"column":4},"end":{"line":40,"column":5}},"type":"if","locations":[{"start":{"line":38,"column":4},"end":{"line":40,"column":5}},{"start":{"line":38,"column":4},"end":{"line":40,"column":5}}],"line":38}},"s":{"0":1,"1":1,"2":3,"3":17,"4":3,"5":0,"6":0,"7":0,"8":3,"9":3,"10":3,"11":17,"12":17,"13":17,"14":17,"15":0,"16":0,"17":17,"18":0,"19":0,"20":17,"21":4,"22":13,"23":17,"24":0,"25":0,"26":0,"27":1},"f":{"0":3,"1":17,"2":3,"3":0,"4":3,"5":0},"b":{"0":[0,0],"1":[0,0],"2":[0],"3":[0],"4":[3],"5":[3],"6":[4,13],"7":[0,17],"8":[0,17],"9":[4,13],"10":[0,17]},"_coverageSchema":"43e27e138ebf9cfc5966b082cf9a028302ed4184","hash":"38e605b922c572b929e03913d19523df2e4f3fae","contentHash":"a2fa01f38a8e7eccd6f16392f65bafa4e1e5d3e10753e039bb7e87031a01d1bb"},"C:\\Users\\Carlos\\Desktop\\2019-09-12\\expolio2\\src\\core\\helper\\StringUtils.js":{"path":"C:\\Users\\Carlos\\Desktop\\2019-09-12\\expolio2\\src\\core\\helper\\StringUtils.js","statementMap":{"0":{"start":{"line":2,"column":12},"end":{"line":2,"column":26}},"1":{"start":{"line":7,"column":2},"end":{"line":7,"column":58}},"2":{"start":{"line":11,"column":2},"end":{"line":11,"column":106}},"3":{"start":{"line":11,"column":57},"end":{"line":11,"column":85}},"4":{"start":{"line":15,"column":2},"end":{"line":15,"column":46}},"5":{"start":{"line":19,"column":10},"end":{"line":19,"column":12}},"6":{"start":{"line":20,"column":23},"end":{"line":20,"column":35}},"7":{"start":{"line":21,"column":2},"end":{"line":31,"column":5}},"8":{"start":{"line":23,"column":3},"end":{"line":30,"column":4}},"9":{"start":{"line":24,"column":4},"end":{"line":24,"column":26}},"10":{"start":{"line":25,"column":10},"end":{"line":30,"column":4}},"11":{"start":{"line":26,"column":4},"end":{"line":26,"column":25}},"12":{"start":{"line":27,"column":4},"end":{"line":27,"column":27}},"13":{"start":{"line":29,"column":4},"end":{"line":29,"column":11}},"14":{"start":{"line":32,"column":2},"end":{"line":32,"column":11}},"15":{"start":{"line":36,"column":12},"end":{"line":36,"column":39}},"16":{"start":{"line":37,"column":2},"end":{"line":37,"column":54}},"17":{"start":{"line":38,"column":2},"end":{"line":38,"column":13}},"18":{"start":{"line":42,"column":10},"end":{"line":42,"column":12}},"19":{"start":{"line":43,"column":12},"end":{"line":43,"column":34}},"20":{"start":{"line":44,"column":18},"end":{"line":44,"column":23}},"21":{"start":{"line":45,"column":2},"end":{"line":45,"column":88}},"22":{"start":{"line":46,"column":2},"end":{"line":55,"column":5}},"23":{"start":{"line":47,"column":3},"end":{"line":54,"column":4}},"24":{"start":{"line":48,"column":4},"end":{"line":48,"column":21}},"25":{"start":{"line":49,"column":10},"end":{"line":54,"column":4}},"26":{"start":{"line":50,"column":4},"end":{"line":50,"column":65}},"27":{"start":{"line":51,"column":4},"end":{"line":51,"column":22}},"28":{"start":{"line":53,"column":4},"end":{"line":53,"column":11}},"29":{"start":{"line":56,"column":2},"end":{"line":56,"column":11}},"30":{"start":{"line":60,"column":2},"end":{"line":60,"column":37}},"31":{"start":{"line":64,"column":2},"end":{"line":64,"column":29}},"32":{"start":{"line":68,"column":12},"end":{"line":68,"column":14}},"33":{"start":{"line":69,"column":2},"end":{"line":71,"column":3}},"34":{"start":{"line":70,"column":3},"end":{"line":70,"column":56}},"35":{"start":{"line":72,"column":2},"end":{"line":72,"column":13}},"36":{"start":{"line":76,"column":30},"end":{"line":87,"column":3}},"37":{"start":{"line":77,"column":16},"end":{"line":77,"column":29}},"38":{"start":{"line":78,"column":3},"end":{"line":86,"column":5}},"39":{"start":{"line":79,"column":4},"end":{"line":84,"column":5}},"40":{"start":{"line":80,"column":5},"end":{"line":82,"column":6}},"41":{"start":{"line":81,"column":6},"end":{"line":81,"column":13}},"42":{"start":{"line":83,"column":5},"end":{"line":83,"column":21}},"43":{"start":{"line":85,"column":4},"end":{"line":85,"column":17}},"44":{"start":{"line":88,"column":2},"end":{"line":88,"column":53}},"45":{"start":{"line":92,"column":2},"end":{"line":92,"column":26}},"46":{"start":{"line":97,"column":0},"end":{"line":97,"column":29}}},"fnMap":{"0":{"name":"(anonymous_0)","decl":{"start":{"line":6,"column":1},"end":{"line":6,"column":2}},"loc":{"start":{"line":6,"column":52},"end":{"line":8,"column":2}},"line":6},"1":{"name":"(anonymous_1)","decl":{"start":{"line":10,"column":1},"end":{"line":10,"column":2}},"loc":{"start":{"line":10,"column":21},"end":{"line":12,"column":2}},"line":10},"2":{"name":"(anonymous_2)","decl":{"start":{"line":11,"column":42},"end":{"line":11,"column":43}},"loc":{"start":{"line":11,"column":56},"end":{"line":11,"column":86}},"line":11},"3":{"name":"(anonymous_3)","decl":{"start":{"line":14,"column":1},"end":{"line":14,"column":2}},"loc":{"start":{"line":14,"column":23},"end":{"line":16,"column":2}},"line":14},"4":{"name":"(anonymous_4)","decl":{"start":{"line":18,"column":1},"end":{"line":18,"column":2}},"loc":{"start":{"line":18,"column":45},"end":{"line":33,"column":2}},"line":18},"5":{"name":"(anonymous_5)","decl":{"start":{"line":21,"column":24},"end":{"line":21,"column":25}},"loc":{"start":{"line":21,"column":29},"end":{"line":31,"column":3}},"line":21},"6":{"name":"(anonymous_6)","decl":{"start":{"line":35,"column":1},"end":{"line":35,"column":2}},"loc":{"start":{"line":35,"column":22},"end":{"line":39,"column":2}},"line":35},"7":{"name":"(anonymous_7)","decl":{"start":{"line":41,"column":1},"end":{"line":41,"column":2}},"loc":{"start":{"line":41,"column":69},"end":{"line":57,"column":2}},"line":41},"8":{"name":"(anonymous_8)","decl":{"start":{"line":46,"column":24},"end":{"line":46,"column":25}},"loc":{"start":{"line":46,"column":29},"end":{"line":55,"column":3}},"line":46},"9":{"name":"(anonymous_9)","decl":{"start":{"line":59,"column":1},"end":{"line":59,"column":2}},"loc":{"start":{"line":59,"column":30},"end":{"line":61,"column":2}},"line":59},"10":{"name":"(anonymous_10)","decl":{"start":{"line":63,"column":1},"end":{"line":63,"column":2}},"loc":{"start":{"line":63,"column":24},"end":{"line":65,"column":2}},"line":63},"11":{"name":"(anonymous_11)","decl":{"start":{"line":67,"column":1},"end":{"line":67,"column":2}},"loc":{"start":{"line":67,"column":94},"end":{"line":73,"column":2}},"line":67},"12":{"name":"(anonymous_12)","decl":{"start":{"line":75,"column":1},"end":{"line":75,"column":2}},"loc":{"start":{"line":75,"column":24},"end":{"line":89,"column":2}},"line":75},"13":{"name":"(anonymous_13)","decl":{"start":{"line":76,"column":30},"end":{"line":76,"column":31}},"loc":{"start":{"line":76,"column":36},"end":{"line":87,"column":3}},"line":76},"14":{"name":"(anonymous_14)","decl":{"start":{"line":78,"column":10},"end":{"line":78,"column":11}},"loc":{"start":{"line":78,"column":26},"end":{"line":86,"column":4}},"line":78},"15":{"name":"(anonymous_15)","decl":{"start":{"line":91,"column":1},"end":{"line":91,"column":2}},"loc":{"start":{"line":91,"column":24},"end":{"line":93,"column":2}},"line":91}},"branchMap":{"0":{"loc":{"start":{"line":18,"column":24},"end":{"line":18,"column":43}},"type":"default-arg","locations":[{"start":{"line":18,"column":39},"end":{"line":18,"column":43}}],"line":18},"1":{"loc":{"start":{"line":23,"column":3},"end":{"line":30,"column":4}},"type":"if","locations":[{"start":{"line":23,"column":3},"end":{"line":30,"column":4}},{"start":{"line":23,"column":3},"end":{"line":30,"column":4}}],"line":23},"2":{"loc":{"start":{"line":25,"column":10},"end":{"line":30,"column":4}},"type":"if","locations":[{"start":{"line":25,"column":10},"end":{"line":30,"column":4}},{"start":{"line":25,"column":10},"end":{"line":30,"column":4}}],"line":25},"3":{"loc":{"start":{"line":41,"column":27},"end":{"line":41,"column":46}},"type":"default-arg","locations":[{"start":{"line":41,"column":42},"end":{"line":41,"column":46}}],"line":41},"4":{"loc":{"start":{"line":41,"column":48},"end":{"line":41,"column":67}},"type":"default-arg","locations":[{"start":{"line":41,"column":62},"end":{"line":41,"column":67}}],"line":41},"5":{"loc":{"start":{"line":45,"column":24},"end":{"line":45,"column":68}},"type":"cond-expr","locations":[{"start":{"line":45,"column":39},"end":{"line":45,"column":52}},{"start":{"line":45,"column":55},"end":{"line":45,"column":68}}],"line":45},"6":{"loc":{"start":{"line":47,"column":3},"end":{"line":54,"column":4}},"type":"if","locations":[{"start":{"line":47,"column":3},"end":{"line":54,"column":4}},{"start":{"line":47,"column":3},"end":{"line":54,"column":4}}],"line":47},"7":{"loc":{"start":{"line":49,"column":10},"end":{"line":54,"column":4}},"type":"if","locations":[{"start":{"line":49,"column":10},"end":{"line":54,"column":4}},{"start":{"line":49,"column":10},"end":{"line":54,"column":4}}],"line":49},"8":{"loc":{"start":{"line":50,"column":16},"end":{"line":50,"column":63}},"type":"cond-expr","locations":[{"start":{"line":50,"column":30},"end":{"line":50,"column":45}},{"start":{"line":50,"column":48},"end":{"line":50,"column":63}}],"line":50},"9":{"loc":{"start":{"line":67,"column":28},"end":{"line":67,"column":40}},"type":"default-arg","locations":[{"start":{"line":67,"column":37},"end":{"line":67,"column":40}}],"line":67},"10":{"loc":{"start":{"line":67,"column":42},"end":{"line":67,"column":92}},"type":"default-arg","locations":[{"start":{"line":67,"column":50},"end":{"line":67,"column":92}}],"line":67},"11":{"loc":{"start":{"line":79,"column":4},"end":{"line":84,"column":5}},"type":"if","locations":[{"start":{"line":79,"column":4},"end":{"line":84,"column":5}},{"start":{"line":79,"column":4},"end":{"line":84,"column":5}}],"line":79},"12":{"loc":{"start":{"line":79,"column":8},"end":{"line":79,"column":51}},"type":"binary-expr","locations":[{"start":{"line":79,"column":8},"end":{"line":79,"column":33}},{"start":{"line":79,"column":37},"end":{"line":79,"column":51}}],"line":79},"13":{"loc":{"start":{"line":80,"column":5},"end":{"line":82,"column":6}},"type":"if","locations":[{"start":{"line":80,"column":5},"end":{"line":82,"column":6}},{"start":{"line":80,"column":5},"end":{"line":82,"column":6}}],"line":80}},"s":{"0":1,"1":0,"2":0,"3":0,"4":0,"5":0,"6":0,"7":0,"8":0,"9":0,"10":0,"11":0,"12":0,"13":0,"14":0,"15":0,"16":0,"17":0,"18":0,"19":0,"20":0,"21":0,"22":0,"23":0,"24":0,"25":0,"26":0,"27":0,"28":0,"29":0,"30":0,"31":0,"32":0,"33":0,"34":0,"35":0,"36":0,"37":0,"38":0,"39":0,"40":0,"41":0,"42":0,"43":0,"44":0,"45":0,"46":1},"f":{"0":0,"1":0,"2":0,"3":0,"4":0,"5":0,"6":0,"7":0,"8":0,"9":0,"10":0,"11":0,"12":0,"13":0,"14":0,"15":0},"b":{"0":[0],"1":[0,0],"2":[0,0],"3":[0],"4":[0],"5":[0,0],"6":[0,0],"7":[0,0],"8":[0,0],"9":[0],"10":[0],"11":[0,0],"12":[0,0],"13":[0,0]},"_coverageSchema":"43e27e138ebf9cfc5966b082cf9a028302ed4184","hash":"625e021164266a9ae8d4863c0479b1692971cd9b","contentHash":"d518252c3641f5714b8a0d85dd917c6338b9b63f77c474b6aefd1cd49b60157c"},"C:\\Users\\Carlos\\Desktop\\2019-09-12\\expolio2\\src\\core\\helper\\OverridableClass.js":{"path":"C:\\Users\\Carlos\\Desktop\\2019-09-12\\expolio2\\src\\core\\helper\\OverridableClass.js","statementMap":{"0":{"start":{"line":4,"column":2},"end":{"line":9,"column":3}},"1":{"start":{"line":5,"column":3},"end":{"line":5,"column":71}},"2":{"start":{"line":6,"column":3},"end":{"line":8,"column":4}},"3":{"start":{"line":7,"column":4},"end":{"line":7,"column":18}},"4":{"start":{"line":14,"column":0},"end":{"line":14,"column":34}}},"fnMap":{"0":{"name":"(anonymous_0)","decl":{"start":{"line":3,"column":1},"end":{"line":3,"column":2}},"loc":{"start":{"line":3,"column":47},"end":{"line":10,"column":2}},"line":3},"1":{"name":"(anonymous_1)","decl":{"start":{"line":3,"column":37},"end":{"line":3,"column":38}},"loc":{"start":{"line":3,"column":43},"end":{"line":3,"column":45}},"line":3}},"branchMap":{"0":{"loc":{"start":{"line":3,"column":13},"end":{"line":3,"column":25}},"type":"default-arg","locations":[{"start":{"line":3,"column":23},"end":{"line":3,"column":25}}],"line":3},"1":{"loc":{"start":{"line":3,"column":27},"end":{"line":3,"column":45}},"type":"default-arg","locations":[{"start":{"line":3,"column":37},"end":{"line":3,"column":45}}],"line":3},"2":{"loc":{"start":{"line":4,"column":2},"end":{"line":9,"column":3}},"type":"if","locations":[{"start":{"line":4,"column":2},"end":{"line":9,"column":3}},{"start":{"line":4,"column":2},"end":{"line":9,"column":3}}],"line":4},"3":{"loc":{"start":{"line":5,"column":23},"end":{"line":5,"column":60}},"type":"binary-expr","locations":[{"start":{"line":5,"column":23},"end":{"line":5,"column":54}},{"start":{"line":5,"column":58},"end":{"line":5,"column":60}}],"line":5},"4":{"loc":{"start":{"line":6,"column":3},"end":{"line":8,"column":4}},"type":"if","locations":[{"start":{"line":6,"column":3},"end":{"line":8,"column":4}},{"start":{"line":6,"column":3},"end":{"line":8,"column":4}}],"line":6}},"s":{"0":28,"1":28,"2":28,"3":28,"4":1},"f":{"0":28,"1":28},"b":{"0":[5],"1":[28],"2":[28,0],"3":[28,28],"4":[28,0]},"_coverageSchema":"43e27e138ebf9cfc5966b082cf9a028302ed4184","hash":"6075f23570cb4cedac7fcb1c05cad0d7188437c3","contentHash":"1e78b5d971e24fa734f1daeda6d2932f4c8b6a93a6a28bfbd72e5659e1c08781"},"C:\\Users\\Carlos\\Desktop\\2019-09-12\\expolio2\\src\\core\\app\\BaseApp.js":{"path":"C:\\Users\\Carlos\\Desktop\\2019-09-12\\expolio2\\src\\core\\app\\BaseApp.js","statementMap":{"0":{"start":{"line":1,"column":11},"end":{"line":1,"column":24}},"1":{"start":{"line":2,"column":13},"end":{"line":2,"column":28}},"2":{"start":{"line":3,"column":16},"end":{"line":3,"column":34}},"3":{"start":{"line":4,"column":13},"end":{"line":4,"column":28}},"4":{"start":{"line":5,"column":14},"end":{"line":5,"column":30}},"5":{"start":{"line":6,"column":22},"end":{"line":6,"column":105}},"6":{"start":{"line":7,"column":21},"end":{"line":7,"column":87}},"7":{"start":{"line":8,"column":24},"end":{"line":8,"column":93}},"8":{"start":{"line":9,"column":25},"end":{"line":9,"column":95}},"9":{"start":{"line":10,"column":22},"end":{"line":10,"column":87}},"10":{"start":{"line":11,"column":19},"end":{"line":11,"column":83}},"11":{"start":{"line":12,"column":19},"end":{"line":12,"column":83}},"12":{"start":{"line":19,"column":2},"end":{"line":19,"column":88}},"13":{"start":{"line":23,"column":2},"end":{"line":34,"column":4}},"14":{"start":{"line":38,"column":2},"end":{"line":38,"column":75}},"15":{"start":{"line":42,"column":2},"end":{"line":42,"column":79}},"16":{"start":{"line":46,"column":2},"end":{"line":46,"column":12}},"17":{"start":{"line":51,"column":2},"end":{"line":51,"column":27}},"18":{"start":{"line":52,"column":2},"end":{"line":52,"column":35}},"19":{"start":{"line":53,"column":2},"end":{"line":53,"column":24}},"20":{"start":{"line":54,"column":2},"end":{"line":54,"column":64}},"21":{"start":{"line":55,"column":2},"end":{"line":57,"column":3}},"22":{"start":{"line":56,"column":3},"end":{"line":56,"column":100}},"23":{"start":{"line":58,"column":2},"end":{"line":60,"column":3}},"24":{"start":{"line":59,"column":3},"end":{"line":59,"column":100}},"25":{"start":{"line":61,"column":2},"end":{"line":61,"column":24}},"26":{"start":{"line":67,"column":2},"end":{"line":67,"column":38}},"27":{"start":{"line":68,"column":2},"end":{"line":76,"column":3}},"28":{"start":{"line":80,"column":2},"end":{"line":80,"column":39}},"29":{"start":{"line":81,"column":2},"end":{"line":85,"column":3}},"30":{"start":{"line":91,"column":2},"end":{"line":91,"column":28}},"31":{"start":{"line":92,"column":12},"end":{"line":92,"column":41}},"32":{"start":{"line":93,"column":2},"end":{"line":93,"column":65}},"33":{"start":{"line":97,"column":2},"end":{"line":97,"column":29}},"34":{"start":{"line":98,"column":12},"end":{"line":98,"column":41}},"35":{"start":{"line":99,"column":2},"end":{"line":101,"column":5}},"36":{"start":{"line":100,"column":3},"end":{"line":100,"column":67}},"37":{"start":{"line":107,"column":2},"end":{"line":107,"column":45}},"38":{"start":{"line":108,"column":2},"end":{"line":112,"column":3}},"39":{"start":{"line":109,"column":3},"end":{"line":109,"column":28}},"40":{"start":{"line":110,"column":3},"end":{"line":110,"column":17}},"41":{"start":{"line":111,"column":3},"end":{"line":111,"column":10}},"42":{"start":{"line":116,"column":2},"end":{"line":116,"column":40}},"43":{"start":{"line":117,"column":2},"end":{"line":117,"column":64}},"44":{"start":{"line":121,"column":2},"end":{"line":121,"column":41}},"45":{"start":{"line":122,"column":28},"end":{"line":122,"column":92}},"46":{"start":{"line":123,"column":2},"end":{"line":134,"column":3}},"47":{"start":{"line":124,"column":3},"end":{"line":130,"column":4}},"48":{"start":{"line":125,"column":30},"end":{"line":125,"column":53}},"49":{"start":{"line":126,"column":23},"end":{"line":126,"column":46}},"50":{"start":{"line":127,"column":25},"end":{"line":127,"column":80}},"51":{"start":{"line":128,"column":4},"end":{"line":128,"column":36}},"52":{"start":{"line":129,"column":4},"end":{"line":129,"column":87}},"53":{"start":{"line":132,"column":3},"end":{"line":132,"column":58}},"54":{"start":{"line":133,"column":3},"end":{"line":133,"column":15}},"55":{"start":{"line":138,"column":2},"end":{"line":138,"column":45}},"56":{"start":{"line":139,"column":2},"end":{"line":144,"column":5}},"57":{"start":{"line":140,"column":20},"end":{"line":140,"column":64}},"58":{"start":{"line":141,"column":3},"end":{"line":141,"column":62}},"59":{"start":{"line":142,"column":25},"end":{"line":142,"column":42}},"60":{"start":{"line":143,"column":3},"end":{"line":143,"column":33}},"61":{"start":{"line":148,"column":2},"end":{"line":148,"column":38}},"62":{"start":{"line":149,"column":2},"end":{"line":149,"column":26}},"63":{"start":{"line":150,"column":2},"end":{"line":150,"column":64}},"64":{"start":{"line":150,"column":34},"end":{"line":150,"column":62}},"65":{"start":{"line":154,"column":2},"end":{"line":154,"column":38}},"66":{"start":{"line":155,"column":2},"end":{"line":155,"column":46}},"67":{"start":{"line":159,"column":2},"end":{"line":159,"column":44}},"68":{"start":{"line":160,"column":2},"end":{"line":160,"column":53}},"69":{"start":{"line":164,"column":2},"end":{"line":164,"column":39}},"70":{"start":{"line":165,"column":2},"end":{"line":169,"column":5}},"71":{"start":{"line":166,"column":3},"end":{"line":168,"column":6}},"72":{"start":{"line":167,"column":4},"end":{"line":167,"column":21}},"73":{"start":{"line":173,"column":2},"end":{"line":173,"column":45}},"74":{"start":{"line":174,"column":2},"end":{"line":178,"column":5}},"75":{"start":{"line":176,"column":4},"end":{"line":176,"column":21}},"76":{"start":{"line":182,"column":2},"end":{"line":182,"column":50}},"77":{"start":{"line":183,"column":19},"end":{"line":183,"column":38}},"78":{"start":{"line":184,"column":2},"end":{"line":188,"column":5}},"79":{"start":{"line":185,"column":3},"end":{"line":185,"column":36}},"80":{"start":{"line":186,"column":3},"end":{"line":186,"column":42}},"81":{"start":{"line":187,"column":3},"end":{"line":187,"column":27}},"82":{"start":{"line":192,"column":2},"end":{"line":192,"column":54}},"83":{"start":{"line":196,"column":2},"end":{"line":196,"column":32}},"84":{"start":{"line":197,"column":12},"end":{"line":197,"column":41}},"85":{"start":{"line":198,"column":2},"end":{"line":198,"column":69}},"86":{"start":{"line":202,"column":2},"end":{"line":202,"column":42}},"87":{"start":{"line":203,"column":26},"end":{"line":203,"column":156}},"88":{"start":{"line":203,"column":100},"end":{"line":203,"column":155}},"89":{"start":{"line":204,"column":2},"end":{"line":214,"column":3}},"90":{"start":{"line":205,"column":3},"end":{"line":210,"column":4}},"91":{"start":{"line":206,"column":23},"end":{"line":206,"column":43}},"92":{"start":{"line":207,"column":4},"end":{"line":209,"column":5}},"93":{"start":{"line":208,"column":5},"end":{"line":208,"column":30}},"94":{"start":{"line":212,"column":3},"end":{"line":212,"column":66}},"95":{"start":{"line":213,"column":3},"end":{"line":213,"column":15}},"96":{"start":{"line":218,"column":2},"end":{"line":218,"column":40}},"97":{"start":{"line":219,"column":2},"end":{"line":229,"column":3}},"98":{"start":{"line":220,"column":3},"end":{"line":222,"column":4}},"99":{"start":{"line":221,"column":4},"end":{"line":221,"column":24}},"100":{"start":{"line":223,"column":3},"end":{"line":225,"column":4}},"101":{"start":{"line":224,"column":4},"end":{"line":224,"column":30}},"102":{"start":{"line":227,"column":3},"end":{"line":227,"column":54}},"103":{"start":{"line":228,"column":3},"end":{"line":228,"column":15}},"104":{"start":{"line":234,"column":0},"end":{"line":234,"column":25}}},"fnMap":{"0":{"name":"(anonymous_0)","decl":{"start":{"line":18,"column":1},"end":{"line":18,"column":2}},"loc":{"start":{"line":18,"column":26},"end":{"line":20,"column":2}},"line":18},"1":{"name":"(anonymous_1)","decl":{"start":{"line":22,"column":1},"end":{"line":22,"column":2}},"loc":{"start":{"line":22,"column":35},"end":{"line":35,"column":2}},"line":22},"2":{"name":"(anonymous_2)","decl":{"start":{"line":37,"column":1},"end":{"line":37,"column":2}},"loc":{"start":{"line":37,"column":20},"end":{"line":39,"column":2}},"line":37},"3":{"name":"(anonymous_3)","decl":{"start":{"line":41,"column":1},"end":{"line":41,"column":2}},"loc":{"start":{"line":41,"column":24},"end":{"line":43,"column":2}},"line":41},"4":{"name":"(anonymous_4)","decl":{"start":{"line":45,"column":1},"end":{"line":45,"column":2}},"loc":{"start":{"line":45,"column":26},"end":{"line":47,"column":2}},"line":45},"5":{"name":"(anonymous_5)","decl":{"start":{"line":50,"column":1},"end":{"line":50,"column":2}},"loc":{"start":{"line":50,"column":49},"end":{"line":62,"column":2}},"line":50},"6":{"name":"(anonymous_6)","decl":{"start":{"line":66,"column":1},"end":{"line":66,"column":2}},"loc":{"start":{"line":66,"column":18},"end":{"line":77,"column":2}},"line":66},"7":{"name":"(anonymous_7)","decl":{"start":{"line":79,"column":1},"end":{"line":79,"column":2}},"loc":{"start":{"line":79,"column":19},"end":{"line":86,"column":2}},"line":79},"8":{"name":"(anonymous_8)","decl":{"start":{"line":90,"column":1},"end":{"line":90,"column":2}},"loc":{"start":{"line":90,"column":23},"end":{"line":94,"column":2}},"line":90},"9":{"name":"(anonymous_9)","decl":{"start":{"line":96,"column":1},"end":{"line":96,"column":2}},"loc":{"start":{"line":96,"column":24},"end":{"line":102,"column":2}},"line":96},"10":{"name":"(anonymous_10)","decl":{"start":{"line":99,"column":56},"end":{"line":99,"column":57}},"loc":{"start":{"line":99,"column":62},"end":{"line":101,"column":3}},"line":99},"11":{"name":"(anonymous_11)","decl":{"start":{"line":106,"column":1},"end":{"line":106,"column":2}},"loc":{"start":{"line":106,"column":26},"end":{"line":113,"column":2}},"line":106},"12":{"name":"(anonymous_12)","decl":{"start":{"line":115,"column":1},"end":{"line":115,"column":2}},"loc":{"start":{"line":115,"column":21},"end":{"line":118,"column":2}},"line":115},"13":{"name":"(anonymous_13)","decl":{"start":{"line":120,"column":1},"end":{"line":120,"column":2}},"loc":{"start":{"line":120,"column":28},"end":{"line":135,"column":2}},"line":120},"14":{"name":"(anonymous_14)","decl":{"start":{"line":137,"column":1},"end":{"line":137,"column":2}},"loc":{"start":{"line":137,"column":26},"end":{"line":145,"column":2}},"line":137},"15":{"name":"(anonymous_15)","decl":{"start":{"line":139,"column":54},"end":{"line":139,"column":55}},"loc":{"start":{"line":139,"column":62},"end":{"line":144,"column":3}},"line":139},"16":{"name":"(anonymous_16)","decl":{"start":{"line":147,"column":1},"end":{"line":147,"column":2}},"loc":{"start":{"line":147,"column":19},"end":{"line":151,"column":2}},"line":147},"17":{"name":"(anonymous_17)","decl":{"start":{"line":150,"column":21},"end":{"line":150,"column":22}},"loc":{"start":{"line":150,"column":34},"end":{"line":150,"column":62}},"line":150},"18":{"name":"(anonymous_18)","decl":{"start":{"line":153,"column":1},"end":{"line":153,"column":2}},"loc":{"start":{"line":153,"column":19},"end":{"line":156,"column":2}},"line":153},"19":{"name":"(anonymous_19)","decl":{"start":{"line":158,"column":1},"end":{"line":158,"column":2}},"loc":{"start":{"line":158,"column":25},"end":{"line":161,"column":2}},"line":158},"20":{"name":"(anonymous_20)","decl":{"start":{"line":163,"column":1},"end":{"line":163,"column":2}},"loc":{"start":{"line":163,"column":20},"end":{"line":170,"column":2}},"line":163},"21":{"name":"(anonymous_21)","decl":{"start":{"line":165,"column":21},"end":{"line":165,"column":22}},"loc":{"start":{"line":165,"column":42},"end":{"line":169,"column":3}},"line":165},"22":{"name":"(anonymous_22)","decl":{"start":{"line":166,"column":55},"end":{"line":166,"column":56}},"loc":{"start":{"line":166,"column":61},"end":{"line":168,"column":4}},"line":166},"23":{"name":"(anonymous_23)","decl":{"start":{"line":172,"column":1},"end":{"line":172,"column":2}},"loc":{"start":{"line":172,"column":26},"end":{"line":179,"column":2}},"line":172},"24":{"name":"(anonymous_24)","decl":{"start":{"line":174,"column":21},"end":{"line":174,"column":22}},"loc":{"start":{"line":174,"column":42},"end":{"line":178,"column":3}},"line":174},"25":{"name":"(anonymous_25)","decl":{"start":{"line":181,"column":1},"end":{"line":181,"column":2}},"loc":{"start":{"line":181,"column":31},"end":{"line":189,"column":2}},"line":181},"26":{"name":"(anonymous_26)","decl":{"start":{"line":184,"column":88},"end":{"line":184,"column":89}},"loc":{"start":{"line":184,"column":107},"end":{"line":188,"column":3}},"line":184},"27":{"name":"(anonymous_27)","decl":{"start":{"line":191,"column":1},"end":{"line":191,"column":2}},"loc":{"start":{"line":191,"column":22},"end":{"line":193,"column":2}},"line":191},"28":{"name":"(anonymous_28)","decl":{"start":{"line":195,"column":1},"end":{"line":195,"column":2}},"loc":{"start":{"line":195,"column":27},"end":{"line":199,"column":2}},"line":195},"29":{"name":"(anonymous_29)","decl":{"start":{"line":201,"column":1},"end":{"line":201,"column":2}},"loc":{"start":{"line":201,"column":29},"end":{"line":215,"column":2}},"line":201},"30":{"name":"(anonymous_30)","decl":{"start":{"line":203,"column":82},"end":{"line":203,"column":83}},"loc":{"start":{"line":203,"column":100},"end":{"line":203,"column":155}},"line":203},"31":{"name":"(anonymous_31)","decl":{"start":{"line":217,"column":1},"end":{"line":217,"column":2}},"loc":{"start":{"line":217,"column":27},"end":{"line":230,"column":2}},"line":217}},"branchMap":{"0":{"loc":{"start":{"line":50,"column":13},"end":{"line":50,"column":25}},"type":"default-arg","locations":[{"start":{"line":50,"column":23},"end":{"line":50,"column":25}}],"line":50},"1":{"loc":{"start":{"line":50,"column":27},"end":{"line":50,"column":47}},"type":"default-arg","locations":[{"start":{"line":50,"column":38},"end":{"line":50,"column":47}}],"line":50},"2":{"loc":{"start":{"line":55,"column":2},"end":{"line":57,"column":3}},"type":"if","locations":[{"start":{"line":55,"column":2},"end":{"line":57,"column":3}},{"start":{"line":55,"column":2},"end":{"line":57,"column":3}}],"line":55},"3":{"loc":{"start":{"line":58,"column":2},"end":{"line":60,"column":3}},"type":"if","locations":[{"start":{"line":58,"column":2},"end":{"line":60,"column":3}},{"start":{"line":58,"column":2},"end":{"line":60,"column":3}}],"line":58},"4":{"loc":{"start":{"line":90,"column":6},"end":{"line":90,"column":21}},"type":"default-arg","locations":[{"start":{"line":90,"column":19},"end":{"line":90,"column":21}}],"line":90},"5":{"loc":{"start":{"line":96,"column":7},"end":{"line":96,"column":22}},"type":"default-arg","locations":[{"start":{"line":96,"column":20},"end":{"line":96,"column":22}}],"line":96},"6":{"loc":{"start":{"line":108,"column":2},"end":{"line":112,"column":3}},"type":"if","locations":[{"start":{"line":108,"column":2},"end":{"line":112,"column":3}},{"start":{"line":108,"column":2},"end":{"line":112,"column":3}}],"line":108},"7":{"loc":{"start":{"line":195,"column":10},"end":{"line":195,"column":25}},"type":"default-arg","locations":[{"start":{"line":195,"column":23},"end":{"line":195,"column":25}}],"line":195},"8":{"loc":{"start":{"line":207,"column":4},"end":{"line":209,"column":5}},"type":"if","locations":[{"start":{"line":207,"column":4},"end":{"line":209,"column":5}},{"start":{"line":207,"column":4},"end":{"line":209,"column":5}}],"line":207},"9":{"loc":{"start":{"line":220,"column":3},"end":{"line":222,"column":4}},"type":"if","locations":[{"start":{"line":220,"column":3},"end":{"line":222,"column":4}},{"start":{"line":220,"column":3},"end":{"line":222,"column":4}}],"line":220},"10":{"loc":{"start":{"line":223,"column":3},"end":{"line":225,"column":4}},"type":"if","locations":[{"start":{"line":223,"column":3},"end":{"line":225,"column":4}},{"start":{"line":223,"column":3},"end":{"line":225,"column":4}}],"line":223}},"s":{"0":1,"1":1,"2":1,"3":1,"4":1,"5":1,"6":1,"7":1,"8":1,"9":1,"10":1,"11":1,"12":0,"13":2,"14":0,"15":0,"16":2,"17":2,"18":2,"19":2,"20":2,"21":2,"22":0,"23":2,"24":0,"25":2,"26":3,"27":3,"28":1,"29":1,"30":2,"31":2,"32":2,"33":1,"34":1,"35":1,"36":1,"37":2,"38":2,"39":0,"40":0,"41":0,"42":2,"43":2,"44":2,"45":2,"46":2,"47":2,"48":2,"49":2,"50":2,"51":2,"52":2,"53":0,"54":0,"55":2,"56":2,"57":20,"58":20,"59":20,"60":20,"61":2,"62":2,"63":2,"64":0,"65":2,"66":2,"67":2,"68":2,"69":1,"70":1,"71":1,"72":1,"73":1,"74":1,"75":1,"76":1,"77":1,"78":1,"79":0,"80":0,"81":0,"82":0,"83":0,"84":0,"85":0,"86":0,"87":0,"88":0,"89":0,"90":0,"91":0,"92":0,"93":0,"94":0,"95":0,"96":0,"97":0,"98":0,"99":0,"100":0,"101":0,"102":0,"103":0,"104":1},"f":{"0":0,"1":2,"2":0,"3":0,"4":2,"5":2,"6":3,"7":1,"8":2,"9":1,"10":1,"11":2,"12":2,"13":2,"14":2,"15":20,"16":2,"17":0,"18":2,"19":2,"20":1,"21":1,"22":1,"23":1,"24":1,"25":1,"26":0,"27":0,"28":0,"29":0,"30":0,"31":0},"b":{"0":[0],"1":[2],"2":[0,2],"3":[0,2],"4":[1],"5":[1],"6":[0,2],"7":[0],"8":[0,0],"9":[0,0],"10":[0,0]},"_coverageSchema":"43e27e138ebf9cfc5966b082cf9a028302ed4184","hash":"eb8aa800efda925174da55f5cd5b16a62962a045","contentHash":"95869e606d90bf3eb3c46e1923b9edd19f3a598a39715b3a1396d13074fae84f"},"C:\\Users\\Carlos\\Desktop\\2019-09-12\\expolio2\\src\\core\\type\\AppParameters.js":{"path":"C:\\Users\\Carlos\\Desktop\\2019-09-12\\expolio2\\src\\core\\type\\AppParameters.js","statementMap":{"0":{"start":{"line":1,"column":21},"end":{"line":1,"column":87}},"1":{"start":{"line":2,"column":26},"end":{"line":2,"column":70}},"2":{"start":{"line":8,"column":0},"end":{"line":8,"column":31}}},"fnMap":{},"branchMap":{},"s":{"0":1,"1":1,"2":1},"f":{},"b":{},"_coverageSchema":"43e27e138ebf9cfc5966b082cf9a028302ed4184","hash":"1cd8b8ad6fa8c911fee57a580b95a1dce269b6ec","contentHash":"9464f287a8cf17d8a57a7554e2e709521769b3382830e57a820997c040850055"},"C:\\Users\\Carlos\\Desktop\\2019-09-12\\expolio2\\src\\core\\type\\DefaultParameters.js":{"path":"C:\\Users\\Carlos\\Desktop\\2019-09-12\\expolio2\\src\\core\\type\\DefaultParameters.js","statementMap":{"0":{"start":{"line":1,"column":21},"end":{"line":1,"column":87}},"1":{"start":{"line":2,"column":17},"end":{"line":2,"column":52}},"2":{"start":{"line":7,"column":2},"end":{"line":11,"column":4}},"3":{"start":{"line":15,"column":2},"end":{"line":15,"column":40}},"4":{"start":{"line":19,"column":2},"end":{"line":21,"column":3}},"5":{"start":{"line":20,"column":3},"end":{"line":20,"column":114}},"6":{"start":{"line":22,"column":14},"end":{"line":22,"column":73}},"7":{"start":{"line":23,"column":2},"end":{"line":27,"column":5}},"8":{"start":{"line":24,"column":3},"end":{"line":26,"column":4}},"9":{"start":{"line":25,"column":4},"end":{"line":25,"column":69}},"10":{"start":{"line":28,"column":2},"end":{"line":28,"column":13}},"11":{"start":{"line":33,"column":0},"end":{"line":33,"column":35}}},"fnMap":{"0":{"name":"(anonymous_0)","decl":{"start":{"line":6,"column":1},"end":{"line":6,"column":2}},"loc":{"start":{"line":6,"column":32},"end":{"line":12,"column":2}},"line":6},"1":{"name":"(anonymous_1)","decl":{"start":{"line":14,"column":1},"end":{"line":14,"column":2}},"loc":{"start":{"line":14,"column":32},"end":{"line":16,"column":2}},"line":14},"2":{"name":"(anonymous_2)","decl":{"start":{"line":18,"column":1},"end":{"line":18,"column":2}},"loc":{"start":{"line":18,"column":47},"end":{"line":29,"column":2}},"line":18},"3":{"name":"(anonymous_3)","decl":{"start":{"line":23,"column":33},"end":{"line":23,"column":34}},"loc":{"start":{"line":23,"column":41},"end":{"line":27,"column":3}},"line":23}},"branchMap":{"0":{"loc":{"start":{"line":18,"column":24},"end":{"line":18,"column":45}},"type":"default-arg","locations":[{"start":{"line":18,"column":43},"end":{"line":18,"column":45}}],"line":18},"1":{"loc":{"start":{"line":19,"column":2},"end":{"line":21,"column":3}},"type":"if","locations":[{"start":{"line":19,"column":2},"end":{"line":21,"column":3}},{"start":{"line":19,"column":2},"end":{"line":21,"column":3}}],"line":19},"2":{"loc":{"start":{"line":24,"column":3},"end":{"line":26,"column":4}},"type":"if","locations":[{"start":{"line":24,"column":3},"end":{"line":26,"column":4}},{"start":{"line":24,"column":3},"end":{"line":26,"column":4}}],"line":24}},"s":{"0":1,"1":1,"2":3,"3":3,"4":5,"5":0,"6":5,"7":5,"8":15,"9":0,"10":5,"11":1},"f":{"0":3,"1":3,"2":5,"3":15},"b":{"0":[0],"1":[0,5],"2":[0,15]},"_coverageSchema":"43e27e138ebf9cfc5966b082cf9a028302ed4184","hash":"bb95d20af8f2b395bab5590578955dd52a8b2a9e","contentHash":"0d7ad9d4a00d92d4f8aedbe024ce3e8162278bdae474946ee8f835c0cb3ea929"},"C:\\Users\\Carlos\\Desktop\\2019-09-12\\expolio2\\src\\core\\type\\BaseType.js":{"path":"C:\\Users\\Carlos\\Desktop\\2019-09-12\\expolio2\\src\\core\\type\\BaseType.js","statementMap":{"0":{"start":{"line":1,"column":25},"end":{"line":1,"column":95}},"1":{"start":{"line":6,"column":2},"end":{"line":6,"column":113}},"2":{"start":{"line":10,"column":2},"end":{"line":10,"column":10}},"3":{"start":{"line":11,"column":2},"end":{"line":15,"column":3}},"4":{"start":{"line":12,"column":3},"end":{"line":12,"column":32}},"5":{"start":{"line":14,"column":3},"end":{"line":14,"column":66}},"6":{"start":{"line":20,"column":0},"end":{"line":20,"column":26}}},"fnMap":{"0":{"name":"(anonymous_0)","decl":{"start":{"line":5,"column":1},"end":{"line":5,"column":2}},"loc":{"start":{"line":5,"column":47},"end":{"line":7,"column":2}},"line":5},"1":{"name":"(anonymous_1)","decl":{"start":{"line":9,"column":1},"end":{"line":9,"column":2}},"loc":{"start":{"line":9,"column":27},"end":{"line":16,"column":2}},"line":9}},"branchMap":{"0":{"loc":{"start":{"line":5,"column":24},"end":{"line":5,"column":45}},"type":"default-arg","locations":[{"start":{"line":5,"column":43},"end":{"line":5,"column":45}}],"line":5},"1":{"loc":{"start":{"line":9,"column":13},"end":{"line":9,"column":25}},"type":"default-arg","locations":[{"start":{"line":9,"column":23},"end":{"line":9,"column":25}}],"line":9},"2":{"loc":{"start":{"line":11,"column":2},"end":{"line":15,"column":3}},"type":"if","locations":[{"start":{"line":11,"column":2},"end":{"line":15,"column":3}},{"start":{"line":11,"column":2},"end":{"line":15,"column":3}}],"line":11}},"s":{"0":1,"1":0,"2":5,"3":5,"4":0,"5":5,"6":1},"f":{"0":0,"1":5},"b":{"0":[0],"1":[0],"2":[0,5]},"_coverageSchema":"43e27e138ebf9cfc5966b082cf9a028302ed4184","hash":"ebe02edd6f21dce7ee718d0054b947451fe986c5","contentHash":"c46bc8baec2f7ef6daa40481e4169fedc37ccac4d3cd21d03c225e91edf87a88"},"C:\\Users\\Carlos\\Desktop\\2019-09-12\\expolio2\\src\\core\\router\\BaseRouter.js":{"path":"C:\\Users\\Carlos\\Desktop\\2019-09-12\\expolio2\\src\\core\\router\\BaseRouter.js","statementMap":{"0":{"start":{"line":1,"column":16},"end":{"line":1,"column":34}},"1":{"start":{"line":2,"column":20},"end":{"line":2,"column":43}},"2":{"start":{"line":3,"column":25},"end":{"line":3,"column":111}},"3":{"start":{"line":4,"column":21},"end":{"line":4,"column":87}},"4":{"start":{"line":5,"column":25},"end":{"line":5,"column":95}},"5":{"start":{"line":10,"column":2},"end":{"line":10,"column":111}},"6":{"start":{"line":14,"column":2},"end":{"line":14,"column":17}},"7":{"start":{"line":15,"column":2},"end":{"line":17,"column":3}},"8":{"start":{"line":16,"column":3},"end":{"line":16,"column":78}},"9":{"start":{"line":18,"column":2},"end":{"line":18,"column":35}},"10":{"start":{"line":19,"column":2},"end":{"line":19,"column":34}},"11":{"start":{"line":23,"column":2},"end":{"line":23,"column":38}},"12":{"start":{"line":24,"column":2},"end":{"line":24,"column":33}},"13":{"start":{"line":28,"column":2},"end":{"line":28,"column":42}},"14":{"start":{"line":29,"column":2},"end":{"line":29,"column":37}},"15":{"start":{"line":33,"column":2},"end":{"line":33,"column":42}},"16":{"start":{"line":34,"column":2},"end":{"line":34,"column":37}},"17":{"start":{"line":38,"column":2},"end":{"line":38,"column":36}},"18":{"start":{"line":39,"column":2},"end":{"line":39,"column":34}},"19":{"start":{"line":40,"column":2},"end":{"line":40,"column":57}},"20":{"start":{"line":41,"column":2},"end":{"line":41,"column":32}},"21":{"start":{"line":46,"column":0},"end":{"line":46,"column":28}}},"fnMap":{"0":{"name":"(anonymous_0)","decl":{"start":{"line":9,"column":1},"end":{"line":9,"column":2}},"loc":{"start":{"line":9,"column":28},"end":{"line":11,"column":2}},"line":9},"1":{"name":"(anonymous_1)","decl":{"start":{"line":13,"column":1},"end":{"line":13,"column":2}},"loc":{"start":{"line":13,"column":22},"end":{"line":20,"column":2}},"line":13},"2":{"name":"(anonymous_2)","decl":{"start":{"line":22,"column":1},"end":{"line":22,"column":2}},"loc":{"start":{"line":22,"column":21},"end":{"line":25,"column":2}},"line":22},"3":{"name":"(anonymous_3)","decl":{"start":{"line":27,"column":1},"end":{"line":27,"column":2}},"loc":{"start":{"line":27,"column":29},"end":{"line":30,"column":2}},"line":27},"4":{"name":"(anonymous_4)","decl":{"start":{"line":32,"column":1},"end":{"line":32,"column":2}},"loc":{"start":{"line":32,"column":29},"end":{"line":35,"column":2}},"line":32},"5":{"name":"(anonymous_5)","decl":{"start":{"line":37,"column":1},"end":{"line":37,"column":2}},"loc":{"start":{"line":37,"column":14},"end":{"line":42,"column":2}},"line":37}},"branchMap":{"0":{"loc":{"start":{"line":15,"column":2},"end":{"line":17,"column":3}},"type":"if","locations":[{"start":{"line":15,"column":2},"end":{"line":17,"column":3}},{"start":{"line":15,"column":2},"end":{"line":17,"column":3}}],"line":15}},"s":{"0":1,"1":1,"2":1,"3":1,"4":1,"5":0,"6":2,"7":2,"8":0,"9":2,"10":2,"11":0,"12":0,"13":0,"14":0,"15":16,"16":16,"17":2,"18":2,"19":2,"20":2,"21":1},"f":{"0":0,"1":2,"2":0,"3":0,"4":16,"5":2},"b":{"0":[0,2]},"_coverageSchema":"43e27e138ebf9cfc5966b082cf9a028302ed4184","hash":"9d0aa07c9636dbe5b72ff7666171775bb6f67847","contentHash":"8f19904af9801dcf4aa8821df84ca8a4e7bce3ada2922f576850464dd751b069"},"C:\\Users\\Carlos\\Desktop\\2019-09-12\\expolio2\\src\\core\\app\\App.js":{"path":"C:\\Users\\Carlos\\Desktop\\2019-09-12\\expolio2\\src\\core\\app\\App.js","statementMap":{"0":{"start":{"line":1,"column":16},"end":{"line":1,"column":50}},"1":{"start":{"line":6,"column":2},"end":{"line":6,"column":59}},"2":{"start":{"line":11,"column":0},"end":{"line":11,"column":21}}},"fnMap":{"0":{"name":"(anonymous_0)","decl":{"start":{"line":5,"column":1},"end":{"line":5,"column":2}},"loc":{"start":{"line":5,"column":24},"end":{"line":7,"column":2}},"line":5}},"branchMap":{},"s":{"0":1,"1":2,"2":1},"f":{"0":2},"b":{},"_coverageSchema":"43e27e138ebf9cfc5966b082cf9a028302ed4184","hash":"f550f4d4b5cc811221f2fe889308ef745cae7696","contentHash":"fe78c5541368e01160c5417568f2235a11654e49806206165144a2eec40c9002"},"C:\\Users\\Carlos\\Desktop\\2019-09-12\\expolio2\\src\\project\\app\\DefaultApp.js":{"path":"C:\\Users\\Carlos\\Desktop\\2019-09-12\\expolio2\\src\\project\\app\\DefaultApp.js","statementMap":{"0":{"start":{"line":1,"column":12},"end":{"line":1,"column":66}},"1":{"start":{"line":2,"column":22},"end":{"line":2,"column":92}},"2":{"start":{"line":7,"column":2},"end":{"line":7,"column":23}},"3":{"start":{"line":11,"column":2},"end":{"line":11,"column":38}},"4":{"start":{"line":16,"column":0},"end":{"line":16,"column":28}}},"fnMap":{"0":{"name":"(anonymous_0)","decl":{"start":{"line":6,"column":1},"end":{"line":6,"column":2}},"loc":{"start":{"line":6,"column":26},"end":{"line":8,"column":2}},"line":6},"1":{"name":"(anonymous_1)","decl":{"start":{"line":10,"column":1},"end":{"line":10,"column":2}},"loc":{"start":{"line":10,"column":20},"end":{"line":12,"column":2}},"line":10}},"branchMap":{},"s":{"0":1,"1":1,"2":2,"3":2,"4":1},"f":{"0":2,"1":2},"b":{},"_coverageSchema":"43e27e138ebf9cfc5966b082cf9a028302ed4184","hash":"e8fef1afa8abe0ac080a50839d105498221d92cc","contentHash":"ae054a7b468387d292f58171ee0cee1ec388d5ceac18c0fb959ca7aab3338143"},"C:\\Users\\Carlos\\Desktop\\2019-09-12\\expolio2\\src\\project\\router\\DefaultRouter.js":{"path":"C:\\Users\\Carlos\\Desktop\\2019-09-12\\expolio2\\src\\project\\router\\DefaultRouter.js","statementMap":{"0":{"start":{"line":1,"column":15},"end":{"line":1,"column":75}},"1":{"start":{"line":6,"column":2},"end":{"line":6,"column":51}},"2":{"start":{"line":10,"column":2},"end":{"line":10,"column":67}},"3":{"start":{"line":15,"column":0},"end":{"line":15,"column":31}}},"fnMap":{"0":{"name":"(anonymous_0)","decl":{"start":{"line":5,"column":1},"end":{"line":5,"column":2}},"loc":{"start":{"line":5,"column":28},"end":{"line":7,"column":2}},"line":5},"1":{"name":"(anonymous_1)","decl":{"start":{"line":9,"column":1},"end":{"line":9,"column":2}},"loc":{"start":{"line":9,"column":23},"end":{"line":11,"column":2}},"line":9}},"branchMap":{},"s":{"0":1,"1":2,"2":0,"3":1},"f":{"0":2,"1":0},"b":{},"_coverageSchema":"43e27e138ebf9cfc5966b082cf9a028302ed4184","hash":"91268f0798b9c6cb17392d0334011b3cf310d553","contentHash":"4f6f9db55ebc96677d539169223799faf2fe0d8c1a5aadd5345d07429c134406"},"C:\\Users\\Carlos\\Desktop\\2019-09-12\\expolio2\\src\\core\\router\\Router.js":{"path":"C:\\Users\\Carlos\\Desktop\\2019-09-12\\expolio2\\src\\core\\router\\Router.js","statementMap":{"0":{"start":{"line":1,"column":19},"end":{"line":1,"column":56}},"1":{"start":{"line":5,"column":0},"end":{"line":5,"column":24}}},"fnMap":{},"branchMap":{},"s":{"0":1,"1":1},"f":{},"b":{},"_coverageSchema":"43e27e138ebf9cfc5966b082cf9a028302ed4184","hash":"919b309bf3d26fd059a4c4268bfb8be2a3be7fc3","contentHash":"a0067f78e11ee5caaca99e0cff2b08f99328449d44629f96dbec3beb5e1be2a5"},"C:\\Users\\Carlos\\Desktop\\2019-09-12\\expolio2\\src\\core\\database\\db.js":{"path":"C:\\Users\\Carlos\\Desktop\\2019-09-12\\expolio2\\src\\core\\database\\db.js","statementMap":{"0":{"start":{"line":1,"column":35},"end":{"line":1,"column":98}},"1":{"start":{"line":3,"column":18},"end":{"line":3,"column":67}},"2":{"start":{"line":5,"column":0},"end":{"line":5,"column":51}}},"fnMap":{},"branchMap":{},"s":{"0":1,"1":1,"2":1},"f":{},"b":{},"_coverageSchema":"43e27e138ebf9cfc5966b082cf9a028302ed4184","hash":"9f64af5a99f6943a7699ad2b042632e223b073d8","contentHash":"477a4913abb079ee02ca8ebbf17614e52b0c573cbbdc6cf7b89deba89cd6c705"},"C:\\Users\\Carlos\\Desktop\\2019-09-12\\expolio2\\src\\core\\database\\connector\\SequelizeDatabaseConnector.js":{"path":"C:\\Users\\Carlos\\Desktop\\2019-09-12\\expolio2\\src\\core\\database\\connector\\SequelizeDatabaseConnector.js","statementMap":{"0":{"start":{"line":1,"column":30},"end":{"line":1,"column":83}},"1":{"start":{"line":2,"column":18},"end":{"line":2,"column":38}},"2":{"start":{"line":7,"column":2},"end":{"line":24,"column":5}},"3":{"start":{"line":8,"column":3},"end":{"line":10,"column":4}},"4":{"start":{"line":9,"column":4},"end":{"line":9,"column":35}},"5":{"start":{"line":11,"column":52},"end":{"line":11,"column":68}},"6":{"start":{"line":12,"column":23},"end":{"line":12,"column":27}},"7":{"start":{"line":13,"column":22},"end":{"line":17,"column":5}},"8":{"start":{"line":18,"column":3},"end":{"line":23,"column":6}},"9":{"start":{"line":19,"column":4},"end":{"line":19,"column":41}},"10":{"start":{"line":20,"column":4},"end":{"line":20,"column":37}},"11":{"start":{"line":22,"column":4},"end":{"line":22,"column":18}},"12":{"start":{"line":29,"column":0},"end":{"line":29,"column":44}}},"fnMap":{"0":{"name":"(anonymous_0)","decl":{"start":{"line":6,"column":1},"end":{"line":6,"column":2}},"loc":{"start":{"line":6,"column":25},"end":{"line":25,"column":2}},"line":6},"1":{"name":"(anonymous_1)","decl":{"start":{"line":7,"column":21},"end":{"line":7,"column":22}},"loc":{"start":{"line":7,"column":42},"end":{"line":24,"column":3}},"line":7},"2":{"name":"(anonymous_2)","decl":{"start":{"line":18,"column":34},"end":{"line":18,"column":35}},"loc":{"start":{"line":18,"column":40},"end":{"line":21,"column":4}},"line":18},"3":{"name":"(anonymous_3)","decl":{"start":{"line":21,"column":12},"end":{"line":21,"column":13}},"loc":{"start":{"line":21,"column":21},"end":{"line":23,"column":4}},"line":21}},"branchMap":{"0":{"loc":{"start":{"line":8,"column":3},"end":{"line":10,"column":4}},"type":"if","locations":[{"start":{"line":8,"column":3},"end":{"line":10,"column":4}},{"start":{"line":8,"column":3},"end":{"line":10,"column":4}}],"line":8}},"s":{"0":1,"1":1,"2":1,"3":1,"4":0,"5":1,"6":1,"7":1,"8":1,"9":1,"10":1,"11":0,"12":1},"f":{"0":1,"1":1,"2":1,"3":0},"b":{"0":[0,1]},"_coverageSchema":"43e27e138ebf9cfc5966b082cf9a028302ed4184","hash":"6be9762e0631122228d7abab986c37b5333d9a9e","contentHash":"c74c5bf1825d70e48c38e1b02f6641462f57670cc2d0542d152a889aa44927c8"},"C:\\Users\\Carlos\\Desktop\\2019-09-12\\expolio2\\src\\core\\database\\connector\\base\\BaseDatabaseConnector.js":{"path":"C:\\Users\\Carlos\\Desktop\\2019-09-12\\expolio2\\src\\core\\database\\connector\\base\\BaseDatabaseConnector.js","statementMap":{"0":{"start":{"line":1,"column":21},"end":{"line":1,"column":87}},"1":{"start":{"line":2,"column":25},"end":{"line":2,"column":95}},"2":{"start":{"line":7,"column":2},"end":{"line":9,"column":4}},"3":{"start":{"line":13,"column":2},"end":{"line":13,"column":17}},"4":{"start":{"line":14,"column":2},"end":{"line":16,"column":3}},"5":{"start":{"line":15,"column":3},"end":{"line":15,"column":110}},"6":{"start":{"line":17,"column":2},"end":{"line":19,"column":3}},"7":{"start":{"line":18,"column":3},"end":{"line":18,"column":101}},"8":{"start":{"line":20,"column":2},"end":{"line":20,"column":79}},"9":{"start":{"line":21,"column":2},"end":{"line":21,"column":83}},"10":{"start":{"line":25,"column":2},"end":{"line":27,"column":3}},"11":{"start":{"line":26,"column":3},"end":{"line":26,"column":86}},"12":{"start":{"line":28,"column":2},"end":{"line":30,"column":3}},"13":{"start":{"line":29,"column":3},"end":{"line":29,"column":88}},"14":{"start":{"line":31,"column":2},"end":{"line":33,"column":3}},"15":{"start":{"line":32,"column":3},"end":{"line":32,"column":88}},"16":{"start":{"line":34,"column":2},"end":{"line":36,"column":3}},"17":{"start":{"line":35,"column":3},"end":{"line":35,"column":92}},"18":{"start":{"line":37,"column":2},"end":{"line":39,"column":3}},"19":{"start":{"line":38,"column":3},"end":{"line":38,"column":88}},"20":{"start":{"line":40,"column":2},"end":{"line":42,"column":3}},"21":{"start":{"line":41,"column":3},"end":{"line":41,"column":88}},"22":{"start":{"line":43,"column":13},"end":{"line":43,"column":39}},"23":{"start":{"line":44,"column":19},"end":{"line":44,"column":47}},"24":{"start":{"line":45,"column":15},"end":{"line":45,"column":43}},"25":{"start":{"line":46,"column":19},"end":{"line":46,"column":51}},"26":{"start":{"line":47,"column":15},"end":{"line":47,"column":43}},"27":{"start":{"line":48,"column":15},"end":{"line":48,"column":43}},"28":{"start":{"line":49,"column":26},"end":{"line":63,"column":8}},"29":{"start":{"line":50,"column":3},"end":{"line":61,"column":4}},"30":{"start":{"line":51,"column":4},"end":{"line":60,"column":5}},"31":{"start":{"line":59,"column":5},"end":{"line":59,"column":67}},"32":{"start":{"line":62,"column":3},"end":{"line":62,"column":14}},"33":{"start":{"line":64,"column":2},"end":{"line":72,"column":4}},"34":{"start":{"line":77,"column":2},"end":{"line":77,"column":111}},"35":{"start":{"line":82,"column":0},"end":{"line":82,"column":39}}},"fnMap":{"0":{"name":"(anonymous_0)","decl":{"start":{"line":6,"column":1},"end":{"line":6,"column":2}},"loc":{"start":{"line":6,"column":30},"end":{"line":10,"column":2}},"line":6},"1":{"name":"(anonymous_1)","decl":{"start":{"line":12,"column":1},"end":{"line":12,"column":2}},"loc":{"start":{"line":12,"column":27},"end":{"line":22,"column":2}},"line":12},"2":{"name":"(anonymous_2)","decl":{"start":{"line":24,"column":1},"end":{"line":24,"column":2}},"loc":{"start":{"line":24,"column":52},"end":{"line":73,"column":2}},"line":24},"3":{"name":"(anonymous_3)","decl":{"start":{"line":49,"column":58},"end":{"line":49,"column":59}},"loc":{"start":{"line":49,"column":72},"end":{"line":63,"column":3}},"line":49},"4":{"name":"(anonymous_4)","decl":{"start":{"line":76,"column":1},"end":{"line":76,"column":2}},"loc":{"start":{"line":76,"column":25},"end":{"line":78,"column":2}},"line":76}},"branchMap":{"0":{"loc":{"start":{"line":12,"column":13},"end":{"line":12,"column":25}},"type":"default-arg","locations":[{"start":{"line":12,"column":23},"end":{"line":12,"column":25}}],"line":12},"1":{"loc":{"start":{"line":14,"column":2},"end":{"line":16,"column":3}},"type":"if","locations":[{"start":{"line":14,"column":2},"end":{"line":16,"column":3}},{"start":{"line":14,"column":2},"end":{"line":16,"column":3}}],"line":14},"2":{"loc":{"start":{"line":17,"column":2},"end":{"line":19,"column":3}},"type":"if","locations":[{"start":{"line":17,"column":2},"end":{"line":19,"column":3}},{"start":{"line":17,"column":2},"end":{"line":19,"column":3}}],"line":17},"3":{"loc":{"start":{"line":24,"column":36},"end":{"line":24,"column":50}},"type":"default-arg","locations":[{"start":{"line":24,"column":45},"end":{"line":24,"column":50}}],"line":24},"4":{"loc":{"start":{"line":25,"column":2},"end":{"line":27,"column":3}},"type":"if","locations":[{"start":{"line":25,"column":2},"end":{"line":27,"column":3}},{"start":{"line":25,"column":2},"end":{"line":27,"column":3}}],"line":25},"5":{"loc":{"start":{"line":28,"column":2},"end":{"line":30,"column":3}},"type":"if","locations":[{"start":{"line":28,"column":2},"end":{"line":30,"column":3}},{"start":{"line":28,"column":2},"end":{"line":30,"column":3}}],"line":28},"6":{"loc":{"start":{"line":31,"column":2},"end":{"line":33,"column":3}},"type":"if","locations":[{"start":{"line":31,"column":2},"end":{"line":33,"column":3}},{"start":{"line":31,"column":2},"end":{"line":33,"column":3}}],"line":31},"7":{"loc":{"start":{"line":34,"column":2},"end":{"line":36,"column":3}},"type":"if","locations":[{"start":{"line":34,"column":2},"end":{"line":36,"column":3}},{"start":{"line":34,"column":2},"end":{"line":36,"column":3}}],"line":34},"8":{"loc":{"start":{"line":37,"column":2},"end":{"line":39,"column":3}},"type":"if","locations":[{"start":{"line":37,"column":2},"end":{"line":39,"column":3}},{"start":{"line":37,"column":2},"end":{"line":39,"column":3}}],"line":37},"9":{"loc":{"start":{"line":40,"column":2},"end":{"line":42,"column":3}},"type":"if","locations":[{"start":{"line":40,"column":2},"end":{"line":42,"column":3}},{"start":{"line":40,"column":2},"end":{"line":42,"column":3}}],"line":40},"10":{"loc":{"start":{"line":50,"column":3},"end":{"line":61,"column":4}},"type":"if","locations":[{"start":{"line":50,"column":3},"end":{"line":61,"column":4}},{"start":{"line":50,"column":3},"end":{"line":61,"column":4}}],"line":50},"11":{"loc":{"start":{"line":51,"column":4},"end":{"line":60,"column":5}},"type":"if","locations":[{"start":{"line":51,"column":4},"end":{"line":60,"column":5}},{"start":{"line":51,"column":4},"end":{"line":60,"column":5}}],"line":51}},"s":{"0":1,"1":1,"2":1,"3":1,"4":1,"5":0,"6":1,"7":0,"8":1,"9":1,"10":1,"11":0,"12":1,"13":0,"14":1,"15":0,"16":1,"17":0,"18":1,"19":0,"20":1,"21":0,"22":1,"23":1,"24":1,"25":1,"26":1,"27":1,"28":1,"29":226,"30":6,"31":0,"32":226,"33":1,"34":0,"35":1},"f":{"0":1,"1":1,"2":1,"3":226,"4":0},"b":{"0":[0],"1":[0,1],"2":[0,1],"3":[0],"4":[0,1],"5":[0,1],"6":[0,1],"7":[0,1],"8":[0,1],"9":[0,1],"10":[6,220],"11":[0,6]},"_coverageSchema":"43e27e138ebf9cfc5966b082cf9a028302ed4184","hash":"2b5390a7e11b2e16b0a5dd7e60087259d041366b","contentHash":"0cb33e04ba5e863ccc005fabc03cae49e3eb3c00165de3fab3799878f7cf71ee"},"C:\\Users\\Carlos\\Desktop\\2019-09-12\\expolio2\\src\\start.js":{"path":"C:\\Users\\Carlos\\Desktop\\2019-09-12\\expolio2\\src\\start.js","statementMap":{"0":{"start":{"line":1,"column":12},"end":{"line":1,"column":42}},"1":{"start":{"line":2,"column":15},"end":{"line":2,"column":88}},"2":{"start":{"line":3,"column":15},"end":{"line":3,"column":27}},"3":{"start":{"line":5,"column":0},"end":{"line":11,"column":3}},"4":{"start":{"line":6,"column":1},"end":{"line":6,"column":72}},"5":{"start":{"line":7,"column":1},"end":{"line":7,"column":15}},"6":{"start":{"line":9,"column":1},"end":{"line":9,"column":47}},"7":{"start":{"line":10,"column":1},"end":{"line":10,"column":13}}},"fnMap":{"0":{"name":"(anonymous_0)","decl":{"start":{"line":5,"column":37},"end":{"line":5,"column":38}},"loc":{"start":{"line":5,"column":43},"end":{"line":8,"column":1}},"line":5},"1":{"name":"(anonymous_1)","decl":{"start":{"line":8,"column":9},"end":{"line":8,"column":10}},"loc":{"start":{"line":8,"column":18},"end":{"line":11,"column":1}},"line":8}},"branchMap":{},"s":{"0":1,"1":1,"2":1,"3":1,"4":1,"5":1,"6":0,"7":0},"f":{"0":1,"1":0},"b":{},"_coverageSchema":"43e27e138ebf9cfc5966b082cf9a028302ed4184","hash":"63fe4c26975ae97d43ee3b867f9443e6d1e84b7c","contentHash":"3474cd3aa0aa91e101307ca3396d786651e79582a9fe9721997475c8ceca4808"},"C:\\Users\\Carlos\\Desktop\\2019-09-12\\expolio2\\src\\core\\app\\extension\\ParseBodyExtension.js":{"path":"C:\\Users\\Carlos\\Desktop\\2019-09-12\\expolio2\\src\\core\\app\\extension\\ParseBodyExtension.js","statementMap":{"0":{"start":{"line":1,"column":19},"end":{"line":1,"column":41}},"1":{"start":{"line":2,"column":18},"end":{"line":2,"column":54}},"2":{"start":{"line":7,"column":2},"end":{"line":7,"column":58}},"3":{"start":{"line":8,"column":2},"end":{"line":8,"column":34}},"4":{"start":{"line":13,"column":0},"end":{"line":13,"column":36}}},"fnMap":{"0":{"name":"(anonymous_0)","decl":{"start":{"line":6,"column":1},"end":{"line":6,"column":2}},"loc":{"start":{"line":6,"column":23},"end":{"line":9,"column":2}},"line":6}},"branchMap":{},"s":{"0":1,"1":1,"2":2,"3":2,"4":1},"f":{"0":2},"b":{},"_coverageSchema":"43e27e138ebf9cfc5966b082cf9a028302ed4184","hash":"41384f60b38f6a39a361a77f752ab4edde13ea4d","contentHash":"169d9950de282db23624be07f6e26f6bbcc179658f3595142b7ef7fb599d5fae"},"C:\\Users\\Carlos\\Desktop\\2019-09-12\\expolio2\\src\\core\\app\\extension\\Extension.js":{"path":"C:\\Users\\Carlos\\Desktop\\2019-09-12\\expolio2\\src\\core\\app\\extension\\Extension.js","statementMap":{"0":{"start":{"line":1,"column":22},"end":{"line":1,"column":62}},"1":{"start":{"line":7,"column":0},"end":{"line":7,"column":27}}},"fnMap":{},"branchMap":{},"s":{"0":1,"1":1},"f":{},"b":{},"_coverageSchema":"43e27e138ebf9cfc5966b082cf9a028302ed4184","hash":"ba0f1c318fb1cca37900898d885410e2f2639f85","contentHash":"98e195476ecb91c7abc296b2c67046be394c104bf2650806d73252c831b2a153"},"C:\\Users\\Carlos\\Desktop\\2019-09-12\\expolio2\\src\\core\\app\\extension\\BaseExtension.js":{"path":"C:\\Users\\Carlos\\Desktop\\2019-09-12\\expolio2\\src\\core\\app\\extension\\BaseExtension.js","statementMap":{"0":{"start":{"line":1,"column":21},"end":{"line":1,"column":87}},"1":{"start":{"line":2,"column":25},"end":{"line":2,"column":95}},"2":{"start":{"line":7,"column":2},"end":{"line":7,"column":94}},"3":{"start":{"line":12,"column":0},"end":{"line":12,"column":31}}},"fnMap":{"0":{"name":"(anonymous_0)","decl":{"start":{"line":6,"column":1},"end":{"line":6,"column":2}},"loc":{"start":{"line":6,"column":23},"end":{"line":8,"column":2}},"line":6}},"branchMap":{},"s":{"0":1,"1":1,"2":0,"3":1},"f":{"0":0},"b":{},"_coverageSchema":"43e27e138ebf9cfc5966b082cf9a028302ed4184","hash":"57565ea53129cc67776914d23e6349e60a0144e3","contentHash":"e83cde2200fa41a340c2014bc8ca7bd79f9efba2559fbb823d3a218e7dc5caaa"},"C:\\Users\\Carlos\\Desktop\\2019-09-12\\expolio2\\src\\core\\app\\extension\\FrameworkExtension.js":{"path":"C:\\Users\\Carlos\\Desktop\\2019-09-12\\expolio2\\src\\core\\app\\extension\\FrameworkExtension.js","statementMap":{"0":{"start":{"line":1,"column":19},"end":{"line":1,"column":41}},"1":{"start":{"line":2,"column":25},"end":{"line":2,"column":95}},"2":{"start":{"line":3,"column":18},"end":{"line":3,"column":54}},"3":{"start":{"line":8,"column":2},"end":{"line":8,"column":17}},"4":{"start":{"line":16,"column":2},"end":{"line":16,"column":23}},"5":{"start":{"line":20,"column":2},"end":{"line":22,"column":5}},"6":{"start":{"line":21,"column":3},"end":{"line":21,"column":49}},"7":{"start":{"line":23,"column":2},"end":{"line":23,"column":34}},"8":{"start":{"line":28,"column":0},"end":{"line":28,"column":36}}},"fnMap":{"0":{"name":"(anonymous_0)","decl":{"start":{"line":7,"column":1},"end":{"line":7,"column":2}},"loc":{"start":{"line":7,"column":27},"end":{"line":9,"column":2}},"line":7},"1":{"name":"(anonymous_1)","decl":{"start":{"line":15,"column":1},"end":{"line":15,"column":2}},"loc":{"start":{"line":15,"column":28},"end":{"line":17,"column":2}},"line":15},"2":{"name":"(anonymous_2)","decl":{"start":{"line":19,"column":1},"end":{"line":19,"column":2}},"loc":{"start":{"line":19,"column":23},"end":{"line":24,"column":2}},"line":19},"3":{"name":"(anonymous_3)","decl":{"start":{"line":20,"column":15},"end":{"line":20,"column":16}},"loc":{"start":{"line":20,"column":44},"end":{"line":22,"column":3}},"line":20}},"branchMap":{"0":{"loc":{"start":{"line":7,"column":13},"end":{"line":7,"column":25}},"type":"default-arg","locations":[{"start":{"line":7,"column":23},"end":{"line":7,"column":25}}],"line":7}},"s":{"0":1,"1":1,"2":1,"3":0,"4":0,"5":2,"6":0,"7":2,"8":1},"f":{"0":0,"1":0,"2":2,"3":0},"b":{"0":[0]},"_coverageSchema":"43e27e138ebf9cfc5966b082cf9a028302ed4184","hash":"766173e3718ad7d6fe4350a0a67a17f5c89ba23f","contentHash":"ad71715defa2a6cfa2afb1238e3ed6c86e9a96f7421855d62a6f7c09f29d7585"},"C:\\Users\\Carlos\\Desktop\\2019-09-12\\expolio2\\src\\core\\app\\extension\\response\\EjsPageResponseExtension.js":{"path":"C:\\Users\\Carlos\\Desktop\\2019-09-12\\expolio2\\src\\core\\app\\extension\\response\\EjsPageResponseExtension.js","statementMap":{"0":{"start":{"line":1,"column":18},"end":{"line":1,"column":57}},"1":{"start":{"line":11,"column":0},"end":{"line":11,"column":42}}},"fnMap":{"0":{"name":"(anonymous_0)","decl":{"start":{"line":5,"column":1},"end":{"line":5,"column":2}},"loc":{"start":{"line":5,"column":23},"end":{"line":7,"column":2}},"line":5}},"branchMap":{},"s":{"0":1,"1":1},"f":{"0":2},"b":{},"_coverageSchema":"43e27e138ebf9cfc5966b082cf9a028302ed4184","hash":"7a8105fdbc6282a1f4393efc8e7a86abbf85fcf8","contentHash":"7f7b6f82dfcdc0c7a2be26bc0b87789d97beed52b06e566692b147674575469c"},"C:\\Users\\Carlos\\Desktop\\2019-09-12\\expolio2\\src\\core\\app\\extension\\response\\EjsResponseExtension.js":{"path":"C:\\Users\\Carlos\\Desktop\\2019-09-12\\expolio2\\src\\core\\app\\extension\\response\\EjsResponseExtension.js","statementMap":{"0":{"start":{"line":1,"column":18},"end":{"line":1,"column":57}},"1":{"start":{"line":11,"column":0},"end":{"line":11,"column":38}}},"fnMap":{"0":{"name":"(anonymous_0)","decl":{"start":{"line":5,"column":1},"end":{"line":5,"column":2}},"loc":{"start":{"line":5,"column":23},"end":{"line":7,"column":2}},"line":5}},"branchMap":{},"s":{"0":1,"1":1},"f":{"0":2},"b":{},"_coverageSchema":"43e27e138ebf9cfc5966b082cf9a028302ed4184","hash":"7f735e8a3787e2f0e658e8f4efe0f59c0cb5d897","contentHash":"63b1f7473654cbf5e5b6c54878083af2f0011a909172a81d3c3da34beae98cf7"},"C:\\Users\\Carlos\\Desktop\\2019-09-12\\expolio2\\src\\core\\app\\extension\\response\\EjsTextResponseExtension.js":{"path":"C:\\Users\\Carlos\\Desktop\\2019-09-12\\expolio2\\src\\core\\app\\extension\\response\\EjsTextResponseExtension.js","statementMap":{"0":{"start":{"line":1,"column":18},"end":{"line":1,"column":57}},"1":{"start":{"line":11,"column":0},"end":{"line":11,"column":42}}},"fnMap":{"0":{"name":"(anonymous_0)","decl":{"start":{"line":5,"column":1},"end":{"line":5,"column":2}},"loc":{"start":{"line":5,"column":23},"end":{"line":7,"column":2}},"line":5}},"branchMap":{},"s":{"0":1,"1":
[...]
(anonymous_6)","decl":{"start":{"line":41,"column":1},"end":{"line":41,"column":2}},"loc":{"start":{"line":41,"column":27},"end":{"line":44,"column":2}},"line":41}},"branchMap":{"0":{"loc":{"start":{"line":34,"column":39},"end":{"line":34,"column":66}},"type":"binary-expr","locations":[{"start":{"line":34,"column":39},"end":{"line":34,"column":60}},{"start":{"line":34,"column":64},"end":{"line":34,"column":66}}],"line":34},"1":{"loc":{"start":{"line":38,"column":40},"end":{"line":38,"column":67}},"type":"binary-expr","locations":[{"start":{"line":38,"column":40},"end":{"line":38,"column":61}},{"start":{"line":38,"column":65},"end":{"line":38,"column":67}}],"line":38}},"s":{"0":2,"1":2,"2":2,"3":2,"4":4,"5":4,"6":0,"7":0,"8":0,"9":0,"10":2,"11":2,"12":0,"13":0,"14":0,"15":0,"16":0,"17":4,"18":2,"19":4,"20":4,"21":2},"f":{"0":4,"1":0,"2":2,"3":0,"4":4,"5":2,"6":4},"b":{"0":[4,4],"1":[2,2]},"_coverageSchema":"43e27e138ebf9cfc5966b082cf9a028302ed4184","hash":"4a5eb5640b703f9b665c69169af98079d3600371","contentHash":"c0122678a654b8b28294b0d378720a08cc572096fc55118382764a387340365e"},"C:\\Users\\Carlos\\Desktop\\2019-09-12\\expolio2\\src\\core\\controller\\StaticController.js":{"path":"C:\\Users\\Carlos\\Desktop\\2019-09-12\\expolio2\\src\\core\\controller\\StaticController.js","statementMap":{"0":{"start":{"line":1,"column":16},"end":{"line":1,"column":34}},"1":{"start":{"line":2,"column":23},"end":{"line":2,"column":64}},"2":{"start":{"line":3,"column":21},"end":{"line":3,"column":87}},"3":{"start":{"line":8,"column":2},"end":{"line":8,"column":83}},"4":{"start":{"line":13,"column":0},"end":{"line":13,"column":34}}},"fnMap":{"0":{"name":"(anonymous_0)","decl":{"start":{"line":7,"column":1},"end":{"line":7,"column":2}},"loc":{"start":{"line":7,"column":27},"end":{"line":9,"column":2}},"line":7}},"branchMap":{"0":{"loc":{"start":{"line":8,"column":33},"end":{"line":8,"column":54}},"type":"binary-expr","locations":[{"start":{"line":8,"column":33},"end":{"line":8,"column":48}},{"start":{"line":8,"column":52},"end":{"line":8,"column":54}}],"line":8}},"s":{"0":2,"1":2,"2":2,"3":2,"4":2},"f":{"0":2},"b":{"0":[2,2]},"_coverageSchema":"43e27e138ebf9cfc5966b082cf9a028302ed4184","hash":"cd246132d923ed9e0f27d72f8d8121dacffb307b","contentHash":"80613a0166cb14b80640de1a487d456180cfa1a097db6913f7155dc4dffc3c9a"},"C:\\Users\\Carlos\\Desktop\\2019-09-12\\expolio2\\src\\core\\controller\\StaticEjsController.js":{"path":"C:\\Users\\Carlos\\Desktop\\2019-09-12\\expolio2\\src\\core\\controller\\StaticEjsController.js","statementMap":{"0":{"start":{"line":1,"column":34},"end":{"line":1,"column":129}},"1":{"start":{"line":2,"column":11},"end":{"line":2,"column":24}},"2":{"start":{"line":3,"column":12},"end":{"line":3,"column":26}},"3":{"start":{"line":4,"column":13},"end":{"line":4,"column":28}},"4":{"start":{"line":5,"column":23},"end":{"line":5,"column":64}},"5":{"start":{"line":6,"column":21},"end":{"line":6,"column":87}},"6":{"start":{"line":7,"column":26},"end":{"line":7,"column":95}},"7":{"start":{"line":12,"column":2},"end":{"line":30,"column":5}},"8":{"start":{"line":13,"column":3},"end":{"line":13,"column":68}},"9":{"start":{"line":14,"column":3},"end":{"line":16,"column":4}},"10":{"start":{"line":15,"column":4},"end":{"line":15,"column":32}},"11":{"start":{"line":17,"column":3},"end":{"line":19,"column":4}},"12":{"start":{"line":18,"column":4},"end":{"line":18,"column":18}},"13":{"start":{"line":20,"column":20},"end":{"line":20,"column":71}},"14":{"start":{"line":21,"column":3},"end":{"line":21,"column":55}},"15":{"start":{"line":22,"column":3},"end":{"line":29,"column":4}},"16":{"start":{"line":23,"column":23},"end":{"line":23,"column":59}},"17":{"start":{"line":24,"column":14},"end":{"line":24,"column":64}},"18":{"start":{"line":25,"column":24},"end":{"line":25,"column":90}},"19":{"start":{"line":26,"column":4},"end":{"line":26,"column":38}},"20":{"start":{"line":28,"column":4},"end":{"line":28,"column":18}},"21":{"start":{"line":35,"column":0},"end":{"line":35,"column":37}}},"fnMap":{"0":{"name":"(anonymous_0)","decl":{"start":{"line":11,"column":1},"end":{"line":11,"column":2}},"loc":{"start":{"line":11,"column":27},"end":{"line":31,"column":2}},"line":11},"1":{"name":"(anonymous_1)","decl":{"start":{"line":12,"column":77},"end":{"line":12,"column":78}},"loc":{"start":{"line":12,"column":106},"end":{"line":30,"column":3}},"line":12}},"branchMap":{"0":{"loc":{"start":{"line":12,"column":54},"end":{"line":12,"column":75}},"type":"binary-expr","locations":[{"start":{"line":12,"column":54},"end":{"line":12,"column":69}},{"start":{"line":12,"column":73},"end":{"line":12,"column":75}}],"line":12},"1":{"loc":{"start":{"line":14,"column":3},"end":{"line":16,"column":4}},"type":"if","locations":[{"start":{"line":14,"column":3},"end":{"line":16,"column":4}},{"start":{"line":14,"column":3},"end":{"line":16,"column":4}}],"line":14},"2":{"loc":{"start":{"line":17,"column":3},"end":{"line":19,"column":4}},"type":"if","locations":[{"start":{"line":17,"column":3},"end":{"line":19,"column":4}},{"start":{"line":17,"column":3},"end":{"line":19,"column":4}}],"line":17},"3":{"loc":{"start":{"line":22,"column":3},"end":{"line":29,"column":4}},"type":"if","locations":[{"start":{"line":22,"column":3},"end":{"line":29,"column":4}},{"start":{"line":22,"column":3},"end":{"line":29,"column":4}}],"line":22}},"s":{"0":2,"1":2,"2":2,"3":2,"4":2,"5":2,"6":2,"7":2,"8":0,"9":0,"10":0,"11":0,"12":0,"13":0,"14":0,"15":0,"16":0,"17":0,"18":0,"19":0,"20":0,"21":2},"f":{"0":2,"1":0},"b":{"0":[2,2],"1":[0,0],"2":[0,0],"3":[0,0]},"_coverageSchema":"43e27e138ebf9cfc5966b082cf9a028302ed4184","hash":"8ac3b72fb321a7d283c6c4959e481eb1d0ec7eb7","contentHash":"aeb33cb68fb5ff8712c475defa3d243b737c4b9ee1eea53aa9d7096c23452131"},"C:\\Users\\Carlos\\Desktop\\2019-09-12\\expolio2\\src\\core\\type\\RequestParameters.js":{"path":"C:\\Users\\Carlos\\Desktop\\2019-09-12\\expolio2\\src\\core\\type\\RequestParameters.js","statementMap":{"0":{"start":{"line":1,"column":21},"end":{"line":1,"column":87}},"1":{"start":{"line":2,"column":26},"end":{"line":2,"column":70}},"2":{"start":{"line":7,"column":2},"end":{"line":21,"column":4}},"3":{"start":{"line":25,"column":2},"end":{"line":25,"column":40}},"4":{"start":{"line":30,"column":0},"end":{"line":30,"column":35}}},"fnMap":{"0":{"name":"(anonymous_0)","decl":{"start":{"line":6,"column":1},"end":{"line":6,"column":2}},"loc":{"start":{"line":6,"column":32},"end":{"line":22,"column":2}},"line":6},"1":{"name":"(anonymous_1)","decl":{"start":{"line":20,"column":9},"end":{"line":20,"column":10}},"loc":{"start":{"line":20,"column":20},"end":{"line":20,"column":22}},"line":20},"2":{"name":"(anonymous_2)","decl":{"start":{"line":24,"column":1},"end":{"line":24,"column":2}},"loc":{"start":{"line":24,"column":32},"end":{"line":26,"column":2}},"line":24}},"branchMap":{},"s":{"0":1,"1":1,"2":2,"3":2,"4":1},"f":{"0":2,"1":0,"2":2},"b":{},"_coverageSchema":"43e27e138ebf9cfc5966b082cf9a028302ed4184","hash":"7afbbcf0a1ff0e2e3b79065813b4dbf40d5ad6c2","contentHash":"83ca2b075552427330a29f5351b78ff1f22f043d2b33d8758793d76f437ce234"},"C:\\Users\\Carlos\\Desktop\\2019-09-12\\expolio2\\src\\core\\controller\\JsonStateViewController.js":{"path":"C:\\Users\\Carlos\\Desktop\\2019-09-12\\expolio2\\src\\core\\controller\\JsonStateViewController.js","statementMap":{"0":{"start":{"line":1,"column":23},"end":{"line":1,"column":64}},"1":{"start":{"line":2,"column":21},"end":{"line":2,"column":87}},"2":{"start":{"line":3,"column":28},"end":{"line":3,"column":105}},"3":{"start":{"line":13,"column":0},"end":{"line":13,"column":41}}},"fnMap":{"0":{"name":"(anonymous_0)","decl":{"start":{"line":7,"column":1},"end":{"line":7,"column":2}},"loc":{"start":{"line":7,"column":62},"end":{"line":9,"column":2}},"line":7}},"branchMap":{},"s":{"0":2,"1":2,"2":2,"3":2},"f":{"0":2},"b":{},"_coverageSchema":"43e27e138ebf9cfc5966b082cf9a028302ed4184","hash":"c30cf258b81e20133a6a0c0dce1bef8631c7047b","contentHash":"576bdee4a9855ee12656178863fad831115a4dca8479bfbe75004bd273443e54"},"C:\\Users\\Carlos\\Desktop\\2019-09-12\\expolio2\\src\\project\\drop\\gm-controller.js":{"path":"C:\\Users\\Carlos\\Desktop\\2019-09-12\\expolio2\\src\\project\\drop\\gm-controller.js","statementMap":{"0":{"start":{"line":1,"column":0},"end":{"line":3,"column":1}},"1":{"start":{"line":2,"column":1},"end":{"line":2,"column":26}}},"fnMap":{"0":{"name":"(anonymous_0)","decl":{"start":{"line":1,"column":17},"end":{"line":1,"column":18}},"loc":{"start":{"line":1,"column":31},"end":{"line":3,"column":1}},"line":1}},"branchMap":{},"s":{"0":2,"1":0},"f":{"0":0},"b":{},"_coverageSchema":"43e27e138ebf9cfc5966b082cf9a028302ed4184","hash":"72be505bf7e26637c1ed05d278609f03e7e48f17","contentHash":"32e2734827b13bb81e3e8d6b60436135ab3d666af7101dfaad4139ae1b0b3e84"},"C:\\Users\\Carlos\\Desktop\\2019-09-12\\expolio2\\src\\core\\form\\builder\\FormBuilder.js":{"path":"C:\\Users\\Carlos\\Desktop\\2019-09-12\\expolio2\\src\\core\\form\\builder\\FormBuilder.js","statementMap":{"0":{"start":{"line":1,"column":24},"end":{"line":1,"column":66}},"1":{"start":{"line":7,"column":0},"end":{"line":7,"column":29}}},"fnMap":{},"branchMap":{},"s":{"0":1,"1":1},"f":{},"b":{},"_coverageSchema":"43e27e138ebf9cfc5966b082cf9a028302ed4184","hash":"ed35ca6615dee3e4402575de79e3b68fb7cd47c8","contentHash":"0b86e87480f95e5643c97829ecaf2baf89614309b472220306e3cedd4b4f6d5e"},"C:\\Users\\Carlos\\Desktop\\2019-09-12\\expolio2\\src\\core\\form\\builder\\BaseFormBuilder.js":{"path":"C:\\Users\\Carlos\\Desktop\\2019-09-12\\expolio2\\src\\core\\form\\builder\\BaseFormBuilder.js","statementMap":{"0":{"start":{"line":1,"column":11},"end":{"line":1,"column":24}},"1":{"start":{"line":2,"column":13},"end":{"line":2,"column":28}},"2":{"start":{"line":3,"column":12},"end":{"line":3,"column":26}},"3":{"start":{"line":4,"column":17},"end":{"line":4,"column":52}},"4":{"start":{"line":5,"column":20},"end":{"line":5,"column":85}},"5":{"start":{"line":6,"column":21},"end":{"line":6,"column":87}},"6":{"start":{"line":7,"column":26},"end":{"line":7,"column":95}},"7":{"start":{"line":8,"column":28},"end":{"line":8,"column":101}},"8":{"start":{"line":13,"column":2},"end":{"line":15,"column":4}},"9":{"start":{"line":19,"column":2},"end":{"line":19,"column":18}},"10":{"start":{"line":23,"column":2},"end":{"line":23,"column":78}},"11":{"start":{"line":24,"column":2},"end":{"line":26,"column":3}},"12":{"start":{"line":25,"column":3},"end":{"line":25,"column":103}},"13":{"start":{"line":27,"column":2},"end":{"line":27,"column":58}},"14":{"start":{"line":28,"column":2},"end":{"line":37,"column":9}},"15":{"start":{"line":29,"column":3},"end":{"line":35,"column":4}},"16":{"start":{"line":30,"column":21},"end":{"line":30,"column":50}},"17":{"start":{"line":31,"column":4},"end":{"line":34,"column":6}},"18":{"start":{"line":36,"column":3},"end":{"line":36,"column":14}},"19":{"start":{"line":41,"column":12},"end":{"line":41,"column":52}},"20":{"start":{"line":42,"column":27},"end":{"line":42,"column":74}},"21":{"start":{"line":43,"column":26},"end":{"line":43,"column":56}},"22":{"start":{"line":44,"column":23},"end":{"line":44,"column":67}},"23":{"start":{"line":45,"column":15},"end":{"line":56,"column":3}},"24":{"start":{"line":50,"column":55},"end":{"line":50,"column":93}},"25":{"start":{"line":57,"column":2},"end":{"line":57,"column":19}},"26":{"start":{"line":58,"column":2},"end":{"line":58,"column":49}},"27":{"start":{"line":59,"column":2},"end":{"line":59,"column":18}},"28":{"start":{"line":63,"column":17},"end":{"line":63,"column":36}},"29":{"start":{"line":64,"column":2},"end":{"line":64,"column":76}},"30":{"start":{"line":69,"column":0},"end":{"line":69,"column":33}}},"fnMap":{"0":{"name":"(anonymous_0)","decl":{"start":{"line":12,"column":1},"end":{"line":12,"column":2}},"loc":{"start":{"line":12,"column":43},"end":{"line":16,"column":2}},"line":12},"1":{"name":"(anonymous_1)","decl":{"start":{"line":18,"column":1},"end":{"line":18,"column":2}},"loc":{"start":{"line":18,"column":23},"end":{"line":20,"column":2}},"line":18},"2":{"name":"(anonymous_2)","decl":{"start":{"line":22,"column":1},"end":{"line":22,"column":2}},"loc":{"start":{"line":22,"column":27},"end":{"line":38,"column":2}},"line":22},"3":{"name":"(anonymous_3)","decl":{"start":{"line":28,"column":58},"end":{"line":28,"column":59}},"loc":{"start":{"line":28,"column":73},"end":{"line":37,"column":3}},"line":28},"4":{"name":"(anonymous_4)","decl":{"start":{"line":40,"column":1},"end":{"line":40,"column":2}},"loc":{"start":{"line":40,"column":47},"end":{"line":60,"column":2}},"line":40},"5":{"name":"(anonymous_5)","decl":{"start":{"line":50,"column":50},"end":{"line":50,"column":51}},"loc":{"start":{"line":50,"column":55},"end":{"line":50,"column":93}},"line":50},"6":{"name":"(anonymous_6)","decl":{"start":{"line":62,"column":1},"end":{"line":62,"column":2}},"loc":{"start":{"line":62,"column":17},"end":{"line":65,"column":2}},"line":62}},"branchMap":{"0":{"loc":{"start":{"line":22,"column":13},"end":{"line":22,"column":25}},"type":"default-arg","locations":[{"start":{"line":22,"column":23},"end":{"line":22,"column":25}}],"line":22},"1":{"loc":{"start":{"line":24,"column":2},"end":{"line":26,"column":3}},"type":"if","locations":[{"start":{"line":24,"column":2},"end":{"line":26,"column":3}},{"start":{"line":24,"column":2},"end":{"line":26,"column":3}}],"line":24},"2":{"loc":{"start":{"line":29,"column":3},"end":{"line":35,"column":4}},"type":"if","locations":[{"start":{"line":29,"column":3},"end":{"line":35,"column":4}},{"start":{"line":29,"column":3},"end":{"line":35,"column":4}}],"line":29},"3":{"loc":{"start":{"line":40,"column":7},"end":{"line":40,"column":21}},"type":"default-arg","locations":[{"start":{"line":40,"column":19},"end":{"line":40,"column":21}}],"line":40},"4":{"loc":{"start":{"line":40,"column":23},"end":{"line":40,"column":45}},"type":"default-arg","locations":[{"start":{"line":40,"column":43},"end":{"line":40,"column":45}}],"line":40}},"s":{"0":1,"1":1,"2":1,"3":1,"4":1,"5":1,"6":1,"7":1,"8":2,"9":0,"10":2,"11":2,"12":0,"13":2,"14":2,"15":24,"16":24,"17":24,"18":24,"19":2,"20":2,"21":2,"22":2,"23":2,"24":24,"25":2,"26":2,"27":2,"28":1,"29":1,"30":1},"f":{"0":2,"1":0,"2":2,"3":24,"4":2,"5":24,"6":1},"b":{"0":[2],"1":[0,2],"2":[24,0],"3":[0],"4":[2]},"_coverageSchema":"43e27e138ebf9cfc5966b082cf9a028302ed4184","hash":"145474733e53befc2d0b8cdcac86d28ed331c228","contentHash":"f705275ce64481fd1955d11c63fd3d204765a607785687b732506673b36d7585"},"C:\\Users\\Carlos\\Desktop\\2019-09-12\\expolio2\\src\\core\\form\\builder\\FormData.js":{"path":"C:\\Users\\Carlos\\Desktop\\2019-09-12\\expolio2\\src\\core\\form\\builder\\FormData.js","statementMap":{"0":{"start":{"line":1,"column":21},"end":{"line":1,"column":60}},"1":{"start":{"line":7,"column":0},"end":{"line":7,"column":26}}},"fnMap":{},"branchMap":{},"s":{"0":1,"1":1},"f":{},"b":{},"_coverageSchema":"43e27e138ebf9cfc5966b082cf9a028302ed4184","hash":"32b99c19c089cd80d3b0eb0ed7d08927a1055812","contentHash":"7c80b02b0acb750695e1789328216d07f6b4fb8a642ead175e52a46d8c553315"},"C:\\Users\\Carlos\\Desktop\\2019-09-12\\expolio2\\src\\core\\form\\builder\\BaseFormData.js":{"path":"C:\\Users\\Carlos\\Desktop\\2019-09-12\\expolio2\\src\\core\\form\\builder\\BaseFormData.js","statementMap":{"0":{"start":{"line":1,"column":25},"end":{"line":1,"column":95}},"1":{"start":{"line":6,"column":2},"end":{"line":6,"column":17}},"2":{"start":{"line":7,"column":2},"end":{"line":9,"column":3}},"3":{"start":{"line":8,"column":3},"end":{"line":8,"column":90}},"4":{"start":{"line":10,"column":2},"end":{"line":12,"column":3}},"5":{"start":{"line":11,"column":3},"end":{"line":11,"column":94}},"6":{"start":{"line":17,"column":0},"end":{"line":17,"column":30}}},"fnMap":{"0":{"name":"(anonymous_0)","decl":{"start":{"line":5,"column":1},"end":{"line":5,"column":2}},"loc":{"start":{"line":5,"column":34},"end":{"line":13,"column":2}},"line":5}},"branchMap":{"0":{"loc":{"start":{"line":5,"column":19},"end":{"line":5,"column":32}},"type":"default-arg","locations":[{"start":{"line":5,"column":30},"end":{"line":5,"column":32}}],"line":5},"1":{"loc":{"start":{"line":7,"column":2},"end":{"line":9,"column":3}},"type":"if","locations":[{"start":{"line":7,"column":2},"end":{"line":9,"column":3}},{"start":{"line":7,"column":2},"end":{"line":9,"column":3}}],"line":7},"2":{"loc":{"start":{"line":10,"column":2},"end":{"line":12,"column":3}},"type":"if","locations":[{"start":{"line":10,"column":2},"end":{"line":12,"column":3}},{"start":{"line":10,"column":2},"end":{"line":12,"column":3}}],"line":10}},"s":{"0":1,"1":0,"2":0,"3":0,"4":0,"5":0,"6":1},"f":{"0":0},"b":{"0":[0],"1":[0,0],"2":[0,0]},"_coverageSchema":"43e27e138ebf9cfc5966b082cf9a028302ed4184","hash":"3c9914ed4b6e59f4c2de86c3c0fac6f3a3f9cda5","contentHash":"ad8193cb966769e61e6dcc7170aad0ff0b8f662e7a634bdc8bbafe6d39b87662"},"C:\\Users\\Carlos\\Desktop\\2019-09-12\\expolio2\\src\\core\\helper\\PageDependencyUtils.js":{"path":"C:\\Users\\Carlos\\Desktop\\2019-09-12\\expolio2\\src\\core\\helper\\PageDependencyUtils.js","statementMap":{"0":{"start":{"line":1,"column":25},"end":{"line":1,"column":95}},"1":{"start":{"line":2,"column":21},"end":{"line":2,"column":87}},"2":{"start":{"line":3,"column":28},"end":{"line":3,"column":101}},"3":{"start":{"line":4,"column":34},"end":{"line":4,"column":129}},"4":{"start":{"line":9,"column":2},"end":{"line":9,"column":29}},"5":{"start":{"line":13,"column":2},"end":{"line":13,"column":74}},"6":{"start":{"line":14,"column":15},"end":{"line":14,"column":66}},"7":{"start":{"line":15,"column":15},"end":{"line":15,"column":101}},"8":{"start":{"line":16,"column":2},"end":{"line":16,"column":14}},"9":{"start":{"line":20,"column":2},"end":{"line":20,"column":53}},"10":{"start":{"line":21,"column":12},"end":{"line":21,"column":14}},"11":{"start":{"line":22,"column":23},"end":{"line":22,"column":84}},"12":{"start":{"line":22,"column":60},"end":{"line":22,"column":83}},"13":{"start":{"line":23,"column":2},"end":{"line":28,"column":5}},"14":{"start":{"line":24,"column":3},"end":{"line":24,"column":66}},"15":{"start":{"line":25,"column":3},"end":{"line":27,"column":4}},"16":{"start":{"line":26,"column":4},"end":{"line":26,"column":61}},"17":{"start":{"line":29,"column":2},"end":{"line":29,"column":38}},"18":{"start":{"line":30,"column":2},"end":{"line":30,"column":13}},"19":{"start":{"line":35,"column":0},"end":{"line":35,"column":37}}},"fnMap":{"0":{"name":"(anonymous_0)","decl":{"start":{"line":8,"column":1},"end":{"line":8,"column":2}},"loc":{"start":{"line":8,"column":27},"end":{"line":10,"column":2}},"line":8},"1":{"name":"(anonymous_1)","decl":{"start":{"line":12,"column":1},"end":{"line":12,"column":2}},"loc":{"start":{"line":12,"column":86},"end":{"line":17,"column":2}},"line":12},"2":{"name":"(anonymous_2)","decl":{"start":{"line":19,"column":1},"end":{"line":19,"column":2}},"loc":{"start":{"line":19,"column":55},"end":{"line":31,"column":2}},"line":19},"3":{"name":"(anonymous_3)","decl":{"start":{"line":22,"column":52},"end":{"line":22,"column":53}},"loc":{"start":{"line":22,"column":60},"end":{"line":22,"column":83}},"line":22},"4":{"name":"(anonymous_4)","decl":{"start":{"line":23,"column":41},"end":{"line":23,"column":42}},"loc":{"start":{"line":23,"column":59},"end":{"line":28,"column":3}},"line":23}},"branchMap":{"0":{"loc":{"start":{"line":25,"column":3},"end":{"line":27,"column":4}},"type":"if","locations":[{"start":{"line":25,"column":3},"end":{"line":27,"column":4}},{"start":{"line":25,"column":3},"end":{"line":27,"column":4}}],"line":25}},"s":{"0":1,"1":1,"2":1,"3":1,"4":4,"5":1,"6":1,"7":1,"8":1,"9":1,"10":1,"11":1,"12":3,"13":1,"14":3,"15":3,"16":3,"17":1,"18":1,"19":1},"f":{"0":4,"1":1,"2":1,"3":3,"4":3},"b":{"0":[3,0]},"_coverageSchema":"43e27e138ebf9cfc5966b082cf9a028302ed4184","hash":"d5c0a6853f708db98d50728c3d04da3b8686038e","contentHash":"8062210739a35a4fd0ef0915b8e7cf90a7993dda41b6e208425cc93debbcddad"}}